2016-05-27 03:14:53,173 - script.py:29 - client - 6cac927a-520e-4a09-9096-93893e4f7f8d, buy
2016-05-27 03:14:53,411 - script.py:29 - client - 344abe01-7257-4abf-80f7-9164abe0c726, buy
2016-05-27 03:14:53,647 - script.py:29 - client - 43dfe9da-a816-4653-96b7-ec5adafd4b80, buy
2016-05-27 03:14:53,885 - script.py:29 - client - e7005201-b640-42c3-9a62-009399c83b15, buy
2016-05-27 03:14:54,122 - script.py:29 - client - d8032892-a6ad-4a51-852a-76e99f7c8950, sell
2016-05-27 03:14:54,830 - script.py:29 - client - 8df609fd-6613-4157-a612-cfa456566a6e, buy
2016-05-27 03:14:56,476 - script.py:29 - client - 5268269c-abe4-42ef-ba26-c48da7fde1cb, buy
2016-05-27 03:14:56,713 - script.py:29 - client - 490a0f92-18c2-4f7c-b095-e4588288a2ce, sell
2016-05-27 03:14:56,953 - script.py:29 - client - aae6fff6-0d8a-4f19-908e-6e549e46c469, buy
2016-05-27 03:14:57,425 - script.py:29 - client - b2315536-be45-4bb2-bba3-e99c68becafe, sell
2016-05-27 03:14:57,662 - script.py:29 - client - 3d7d0ee5-7e33-4332-8329-b834cb9299be, sell
2016-05-27 03:14:57,899 - script.py:29 - client - a2ac23eb-ae12-421e-840f-2ce3d00ac850, buy
2016-05-27 03:14:58,377 - script.py:29 - client - 3f46fe46-7c87-4cd0-940c-494f54779d87, buy
2016-05-27 03:14:58,616 - script.py:29 - client - 32276de0-ebb0-449e-8f78-c7e9c082f71a, buy
2016-05-27 03:14:58,850 - script.py:29 - client - 3123d047-5836-43df-a070-5239ace2b6cc, sell
2016-05-27 03:14:59,324 - script.py:29 - client - fab11ed5-9306-4395-b36e-2e129dedb349, sell
2016-05-27 03:14:59,800 - script.py:29 - client - 25bb545a-ec95-43a7-b5bc-4fa4c5bf4bb0, buy
2016-05-27 03:15:00,033 - script.py:29 - client - ed8ebcab-3569-4c7d-9bac-b8d20b934a58, sell
2016-05-27 03:15:00,273 - script.py:29 - client - 5b03740b-e1d0-4ca0-9fa2-638528d5f22c, sell
2016-05-27 03:15:00,512 - script.py:29 - client - 812acf2e-5a0c-4be7-966f-8cdb8c213014, buy
2016-05-27 03:15:01,217 - script.py:29 - client - 4a8d3884-b132-4d5b-a3be-bd8a748d42bb, sell
2016-05-27 03:15:01,687 - script.py:29 - client - 49798f00-3570-4f9b-94f7-d220987f7662, buy
2016-05-27 03:15:02,162 - script.py:29 - client - 55a83ec5-f594-41fe-bf46-0bb998301169, buy
2016-05-27 03:15:03,106 - script.py:29 - client - db8a94a8-5c59-4b27-86a9-66a1f20726dd, buy
2016-05-27 03:15:03,813 - script.py:29 - client - f1ba13d7-12e4-4a51-97a9-24d94ff3e8a7, sell
2016-05-27 03:15:04,285 - script.py:29 - client - 54f72cb4-3859-422f-8c12-5e66888dcb5f, sell
2016-05-27 03:15:04,993 - script.py:29 - client - 67cf8054-4a17-4264-8744-37547c9869e2, buy
2016-05-27 03:15:05,227 - script.py:29 - client - 791df376-0330-4fca-acb8-4a95703b4e5b, sell
2016-05-27 03:15:05,698 - script.py:29 - client - 89c79a24-85b2-4e01-93c7-a9f142c40570, sell
2016-05-27 03:15:06,167 - script.py:29 - client - 3c433716-4bea-4b1b-984a-e14427864bf9, buy
2016-05-27 03:15:06,637 - script.py:29 - client - 73b3cf37-cf63-4622-808a-561470ff36e1, buy
2016-05-27 03:15:07,347 - script.py:29 - client - 03663329-4ffb-4208-8eb6-e1b37fadf78a, buy
2016-05-27 03:15:07,583 - script.py:29 - client - a3352da1-1ba4-4d08-bfac-b6860b1d3b61, buy
2016-05-27 03:15:07,815 - script.py:29 - client - 48a03cfe-10b5-4079-8498-b3fa9333d6be, sell
2016-05-27 03:15:08,290 - script.py:29 - client - 886b485e-eaf8-4eef-8e39-91e99865dfde, buy
2016-05-27 03:15:08,523 - script.py:29 - client - 7cfe3816-9f79-4564-b639-7b32a4a733d8, sell
2016-05-27 03:15:08,757 - script.py:29 - client - 3c7e3cc4-5c34-431f-bc9a-8cd2df839f94, buy
2016-05-27 03:15:08,990 - script.py:29 - client - 72c51949-d3bc-45bc-ac97-86f451ba6098, buy
2016-05-27 03:15:09,465 - script.py:29 - client - 0b19bfd6-b975-49db-bc70-eced52943fe6, sell
2016-05-27 03:15:09,703 - script.py:29 - client - c5e9d3a5-9ba3-4cbb-812c-4499e7fe0e6d, sell
2016-05-27 03:15:09,940 - script.py:29 - client - 026fc951-6a5b-4d7c-8912-3540cc11c5ed, sell
2016-05-27 03:15:10,647 - script.py:29 - client - 1345d205-7135-4d16-801f-198c70da4df5, buy
2016-05-27 03:15:10,884 - script.py:29 - client - ad1fd5e7-1d1e-4e80-a0d3-5ea20469839c, sell
2016-05-27 03:15:11,591 - script.py:29 - client - 2c4be19c-e008-41d0-b09d-8fe4a91a0877, buy
2016-05-27 03:15:11,827 - script.py:29 - client - 8fc2b800-ca56-4f8e-8543-8c62a47433d0, sell
2016-05-27 03:15:12,062 - script.py:29 - client - f024a5b8-b958-4240-9a2c-6d7fc7edaeac, buy
2016-05-27 03:15:12,948 - script.py:29 - client - 73e6df1f-1cc1-45d8-b8d7-6669e6a6eac5, sell
2016-05-27 03:15:13,186 - script.py:29 - client - f1518c3c-7173-474c-8533-ad82c2efc946, sell
2016-05-27 03:15:13,423 - script.py:29 - client - e4d68295-ca33-455b-b7e5-e317cf8ae688, buy
2016-05-27 03:15:14,752 - script.py:29 - client - dbd37960-94ff-4a73-b021-1916dfa05740, buy
2016-05-27 03:15:14,992 - script.py:29 - client - 566bf291-58e1-4f73-846f-9a4280a9461c, buy
2016-05-27 03:15:15,229 - script.py:29 - client - 546f28ce-1766-4a3e-8795-c9ea803a46d8, buy
2016-05-27 03:15:15,465 - script.py:29 - client - 8b216e22-f894-42ff-b200-45a0960e4fe7, sell
2016-05-27 03:15:15,939 - script.py:29 - client - d852cf43-a398-41f4-b409-869c170715e9, buy
2016-05-27 03:15:16,888 - script.py:29 - client - a10286f9-7e19-457c-9c14-da7de699afee, sell
2016-05-27 03:15:17,832 - script.py:29 - client - 6145e069-800a-40f2-959e-9be3953076db, sell
2016-05-27 03:15:18,071 - script.py:29 - client - 87ff1075-5301-4f05-af95-a13ce5a95eb3, buy
2016-05-27 03:15:18,546 - script.py:29 - client - 85f92396-10d6-41ef-8b50-8ffd2ad8db22, buy
2016-05-27 03:15:18,782 - script.py:29 - client - 53e1283a-b549-4e6e-ae90-c2ed5dab434f, sell
2016-05-27 03:15:19,258 - script.py:29 - client - 4ac66f6f-d4d0-4279-b387-fbd0132ff4e2, buy
2016-05-27 03:15:19,971 - script.py:29 - client - 307e6bc5-e758-45fd-96c4-beea1358f225, sell
2016-05-27 03:15:21,161 - script.py:29 - client - 07843041-866d-4ad6-8bd3-a6bc7d28f17b, sell
2016-05-27 03:15:21,632 - script.py:29 - client - b839f02f-8b61-4ac2-965a-03306f13decb, buy
2016-05-27 03:15:22,831 - script.py:29 - client - 2d75d90c-9754-4ad5-899c-a05f870c16af, buy
2016-05-27 03:15:23,304 - script.py:29 - client - ed5102bf-a6d9-4469-8310-113d232846eb, sell
2016-05-27 03:15:23,774 - script.py:29 - client - d803cbbf-d901-4877-b4a3-eb71f6e4f840, sell
2016-05-27 03:15:24,008 - script.py:29 - client - 07e20516-a276-412b-802b-bf188a32735e, sell
2016-05-27 03:15:24,950 - script.py:29 - client - 314ef88a-def0-49d5-b4ca-f4ffdbd2e88d, buy
2016-05-27 03:15:25,427 - script.py:29 - client - cf3c34bc-af0d-4205-b5c1-8a0d01eb444f, buy
2016-05-27 03:15:25,662 - script.py:29 - client - 4b2e8ef0-9cb8-4d34-82ab-230616a0f6bd, buy
2016-05-27 03:15:26,379 - script.py:29 - client - df807133-dac2-4718-a362-7147ca96b98e, buy
2016-05-27 03:15:26,617 - script.py:29 - client - 36128c72-9fe4-42b1-af38-f4cc1caf1150, sell
2016-05-27 03:15:26,855 - script.py:29 - client - e1df16cf-bc71-4cbe-932d-0c13146eb1bf, sell
2016-05-27 03:15:27,092 - script.py:29 - client - 7e73d495-c57a-4f7c-a92c-1efa91036547, buy
2016-05-27 03:15:27,570 - script.py:29 - client - 4eb504ac-a8f3-4541-85f0-ec22df050108, buy
2016-05-27 03:15:28,523 - script.py:29 - client - eb2772d4-3ee8-49f1-8021-a701fd939176, sell
2016-05-27 03:15:29,235 - script.py:29 - client - aefb2003-3cb0-4bc2-9ea6-94f4e5721000, buy
2016-05-27 03:15:29,953 - script.py:29 - client - b849cc65-d4ec-4c0a-a8a9-652317f520ae, buy
2016-05-27 03:15:30,662 - script.py:29 - client - a922f621-fa29-40db-a217-b7d2a05c0bf8, buy
2016-05-27 03:15:30,901 - script.py:29 - client - 757b25bf-6ec9-4433-8129-e161853ad4d5, buy
2016-05-27 03:15:31,611 - script.py:29 - client - 8bb350fd-3589-4607-ad68-0cf770707f5f, buy
2016-05-27 03:15:32,320 - script.py:29 - client - 615bee54-c6ca-4633-9843-ef9c2041944b, sell
2016-05-27 03:15:32,558 - script.py:29 - client - 1e3a33c8-db9e-4d69-8d60-4536caee0e48, sell
2016-05-27 03:15:33,034 - script.py:29 - client - e22dbf13-7e4b-4cec-a960-54591a418fcb, buy
2016-05-27 03:15:33,982 - script.py:29 - client - 14bb53c5-b6c1-4c78-bcd7-bf9390c9f387, sell
2016-05-27 03:15:34,690 - script.py:29 - client - 766f38d9-9b5b-4eb1-9aab-328985875bc2, sell
2016-05-27 03:15:34,924 - script.py:29 - client - 4a8ba920-e8f4-4367-8e1b-9b6745d39f6e, buy
2016-05-27 03:15:35,393 - script.py:29 - client - 40dbd4b0-ab9e-417c-bb2e-ff97a27f5de7, sell
2016-05-27 03:15:36,105 - script.py:29 - client - 23fcc1d9-3a46-4f1b-b928-ff0ba22ce9b0, sell
2016-05-27 03:15:36,581 - script.py:29 - client - 9d96a668-4a00-4ad8-b9f9-241aae84dc13, buy
2016-05-27 03:15:38,006 - script.py:29 - client - 0c2ca3e8-2463-4861-a278-81b75c95093a, buy
2016-05-27 03:15:39,677 - script.py:29 - client - 4f917d61-09ec-4a0f-a000-29745266a2f7, sell
2016-05-27 03:15:39,916 - script.py:29 - client - ca990916-1f95-48cc-a236-cea16a6845ae, sell
2016-05-27 03:15:40,154 - script.py:29 - client - b5aa1366-57b2-4d36-863f-82a7b4d5947d, sell
2016-05-27 03:15:40,393 - script.py:29 - client - fb115033-9cc7-458f-b280-5c01847bf381, buy
2016-05-27 03:15:40,630 - script.py:29 - client - 4765e5f2-5f5b-4ded-8654-1461780fd7a2, buy
2016-05-27 03:15:40,868 - script.py:29 - client - 3c0a2128-8b65-4ed1-a5a7-2924e93372a9, buy
2016-05-27 03:15:41,102 - script.py:29 - client - 2ef85aea-94ee-4d80-a55d-957f33a82ed3, sell
2016-05-27 03:15:41,336 - script.py:29 - client - eb221efb-b639-404f-a0ae-53022a2d120e, sell
2016-05-27 03:15:42,285 - script.py:29 - client - eb673a2a-1dc4-4594-b3ec-4cc650e3edb4, buy
2016-05-27 03:15:42,522 - script.py:29 - client - cf855dd8-d74c-4ee6-8ea7-ff3f48129e62, buy
2016-05-27 03:15:42,996 - script.py:29 - client - 2243b735-45d4-4ed2-835a-f779c35f2c99, sell
2016-05-27 03:15:44,172 - script.py:29 - client - 94f8f7b3-6dc6-49fa-8313-2f5f1d0ddd3b, sell
2016-05-27 03:15:44,408 - script.py:29 - client - 1a8bebf2-20e4-43f7-9326-2041af398bc5, sell
2016-05-27 03:15:44,648 - script.py:29 - client - ee829884-36b1-49c9-a23a-09db43a2be32, buy
2016-05-27 03:15:45,122 - script.py:29 - client - 8f7afa00-d3a2-4348-8b07-0c840f6e782d, sell
2016-05-27 03:15:45,360 - script.py:29 - client - cd682b29-0c22-4668-81ba-69fea572f16b, buy
2016-05-27 03:15:45,598 - script.py:29 - client - 2d0a9763-854e-4400-9452-60dc17eb8eca, sell
2016-05-27 03:15:46,072 - script.py:29 - client - 60cb6a38-d4b7-486f-9e22-b22c21adc763, sell
2016-05-27 03:15:46,547 - script.py:29 - client - 7cb963e9-e26a-4592-b6df-413e5a57e1f2, buy
2016-05-27 03:15:47,735 - script.py:29 - client - 3561a023-aa44-4061-9db1-479c834e29a7, buy
2016-05-27 03:15:48,687 - script.py:29 - client - db6675c2-623e-4650-acb8-22b9ed84a46a, buy
2016-05-27 03:15:48,923 - script.py:29 - client - 7b0e0d12-3dc5-48ee-b94e-53bc8f298c76, buy
2016-05-27 03:15:49,162 - script.py:29 - client - 4f48b88a-f9af-4e1b-857e-ec540cbc2d66, buy
2016-05-27 03:15:49,396 - script.py:29 - client - 5f423914-3f9d-4e8c-85e0-5b510652394a, buy
2016-05-27 03:15:50,108 - script.py:29 - client - 89634b81-fada-4ccd-b7d0-300a472ed3b3, buy
2016-05-27 03:15:50,580 - script.py:29 - client - 8ab83077-74d1-432f-848e-01af22106c40, sell
2016-05-27 03:15:50,819 - script.py:29 - client - c051901e-ecad-47a1-a0d7-56c686214d3f, sell
2016-05-27 03:15:51,766 - script.py:29 - client - 61168604-9518-47a8-8743-7bbb6e219db3, sell
2016-05-27 03:15:52,000 - script.py:29 - client - 73f3c00c-95c2-44b9-b0d4-1fc34ff386d3, buy
2016-05-27 03:15:52,476 - script.py:29 - client - 968d3c83-8932-4223-9722-e99384aa5335, sell
2016-05-27 03:15:52,713 - script.py:29 - client - 539c37db-9bff-4cd2-9a55-5fb026ac17db, buy
2016-05-27 03:15:52,950 - script.py:29 - client - 54ecd0bb-5e00-4c5d-b154-bbc78d15dacf, sell
2016-05-27 03:15:53,894 - script.py:29 - client - 418bcf24-070f-4115-a1ad-844a61a631dd, buy
2016-05-27 03:15:54,127 - script.py:29 - client - eec243d1-96f4-4600-966c-0a0341eeac10, buy
2016-05-27 03:15:54,844 - script.py:29 - client - 444d1594-d9ed-4948-98b0-ea49943b1a46, sell
2016-05-27 03:15:55,079 - script.py:29 - client - 81fae479-117f-48a6-bdc8-28d91fed4ae5, sell
2016-05-27 03:15:55,550 - script.py:29 - client - 24f111d3-b20b-4645-ac4b-c997f9507199, sell
2016-05-27 03:15:55,788 - script.py:29 - client - 7cbfe470-d62c-463a-b44d-091dae0af17f, buy
2016-05-27 03:15:56,261 - script.py:29 - client - d9800d40-79ac-4e21-9d35-8c600444b75c, buy
2016-05-27 03:15:57,448 - script.py:29 - client - 6632d15b-77ef-426b-b550-271e0f2e5332, sell
2016-05-27 03:15:57,686 - script.py:29 - client - 0df9d32b-13db-4146-8481-239d4f677560, sell
2016-05-27 03:15:58,397 - script.py:29 - client - e7f2844d-4ccb-46a8-bc96-d8ff6ab11754, sell
2016-05-27 03:15:58,869 - script.py:29 - client - 5aeb4692-8eed-4407-bf51-3d64dc94830c, sell
2016-05-27 03:15:59,106 - script.py:29 - client - a46be018-e77e-41bf-98e1-d5845bb39106, buy
2016-05-27 03:15:59,583 - script.py:29 - client - f2a9c95b-4802-4255-acaa-bec167f9cef5, buy
2016-05-27 03:16:00,296 - script.py:29 - client - eb0b8449-9eab-4d18-b170-b04511b53da8, sell
2016-05-27 03:16:00,534 - script.py:29 - client - e6dab1e7-ac33-414b-8360-d091af60943f, buy
2016-05-27 03:16:01,009 - script.py:29 - client - 522a4cf9-5bab-4832-9f6a-5d426f417731, sell
2016-05-27 03:16:01,487 - script.py:29 - client - 6b117da6-da6e-4e9a-b288-7132926febcf, sell
2016-05-27 03:16:01,734 - script.py:29 - client - cee0f712-fd85-44d3-b758-7ee6b2208915, buy
2016-05-27 03:16:02,441 - script.py:29 - client - f7b41933-b2d8-406e-8279-4352f1ccfe7d, buy
2016-05-27 03:16:02,679 - script.py:29 - client - e30144d1-8609-45c8-b5a7-1403fbc16914, buy
2016-05-27 03:16:02,915 - script.py:29 - client - 15eb0e91-8888-47e7-8d37-d83272525ee2, sell
2016-05-27 03:16:03,153 - script.py:29 - client - 36629162-6f7b-4306-a663-4422d53969aa, sell
2016-05-27 03:16:03,629 - script.py:29 - client - 2709d5a3-f12e-4c90-8ee7-da23d24d5e26, sell
2016-05-27 03:16:04,097 - script.py:29 - client - 8bf56a37-1658-4865-a0e2-c89f18accc38, buy
2016-05-27 03:16:04,334 - script.py:29 - client - c243b89f-c7de-4434-954b-9ddf96e32df8, sell
2016-05-27 03:16:04,571 - script.py:29 - client - 37217e2a-6e8f-4ac9-abbf-e6c01c8bd9ad, buy
2016-05-27 03:16:05,039 - script.py:29 - client - f4bd1321-f824-4936-8560-10939be4734a, sell
2016-05-27 03:16:05,508 - script.py:29 - client - ee2e3b34-99b9-47ca-9036-26181d887cb0, buy
2016-05-27 03:16:05,746 - script.py:29 - client - c59e7949-f01c-4275-9200-41fa0eee8ed1, sell
2016-05-27 03:16:05,984 - script.py:29 - client - 52827ec1-83e5-4e9b-9795-a8d491c0b615, buy
2016-05-27 03:16:06,927 - script.py:29 - client - 722bc52c-3c20-42f9-8edf-1d3eeac70ed0, sell
2016-05-27 03:16:07,166 - script.py:29 - client - 23adb5fd-4a8a-4d88-8793-ba86d0d84df1, buy
2016-05-27 03:16:07,403 - script.py:29 - client - 7b264839-5880-4e13-a514-d769b7d92974, sell
2016-05-27 03:16:07,640 - script.py:29 - client - d68e333c-2f86-442a-9fbe-c9d8fa75b7d3, sell
2016-05-27 03:16:08,825 - script.py:29 - client - a55abf65-280c-4e18-9bb2-7425fcd191aa, sell
2016-05-27 03:16:09,060 - script.py:29 - client - 11c520da-f277-4070-82d2-cb3f89887574, buy
2016-05-27 03:16:09,532 - script.py:29 - client - 4b0597eb-b2c0-467a-bf45-d9a62158d11e, buy
2016-05-27 03:16:09,767 - script.py:29 - client - 4c58b36e-e3ee-467f-a8c3-4da5a06793c3, sell
2016-05-27 03:16:10,003 - script.py:29 - client - 006df2c6-28b3-4b0f-8c5f-dbf961f84671, buy
2016-05-27 03:16:10,239 - script.py:29 - client - 5a7d36d3-0b87-4971-b03f-341d1e3cb80b, sell
2016-05-27 03:16:10,478 - script.py:29 - client - 24dc8e1b-1259-4383-b0a5-754b1d3fcacf, buy
2016-05-27 03:16:10,716 - script.py:29 - client - d7b12b76-5a0f-4052-8556-6fe76d2e18d2, buy
2016-05-27 03:16:10,954 - script.py:29 - client - d7e1c5ee-475e-4841-8894-2f7fa1e8f8c0, sell
2016-05-27 03:16:11,667 - script.py:29 - client - cd1163ab-6913-4a0e-83cd-75410b722ccb, sell
2016-05-27 03:16:11,905 - script.py:29 - client - 0b57c097-6adf-4b40-a045-f134ffcd12a0, buy
2016-05-27 03:16:12,850 - script.py:29 - client - ad5f711e-b6a6-47a8-9509-da35b754ed82, buy
2016-05-27 03:16:13,089 - script.py:29 - client - b67e4780-e791-4077-b9b8-50bc496b33aa, sell
2016-05-27 03:16:13,565 - script.py:29 - client - 2cdd2867-0665-449c-82f7-f5297e67e3b9, sell
2016-05-27 03:16:14,043 - script.py:29 - client - 2e0d5174-ac03-47e9-8a22-ddc45995c3c9, buy
2016-05-27 03:16:15,232 - script.py:29 - client - 75440758-854f-450f-948e-f03d4054d8d7, buy
2016-05-27 03:16:15,934 - script.py:29 - client - 8bf7c4c9-9f1d-470a-910d-bf0b308779bd, sell
2016-05-27 03:16:16,172 - script.py:29 - client - f2e1d60f-1684-4ed5-a076-c2843fc327ae, buy
2016-05-27 03:16:17,118 - script.py:29 - client - f4c7e068-9395-4daa-ae9e-cef539f23267, buy
2016-05-27 03:16:17,357 - script.py:29 - client - 6f4166ce-13dd-48d9-824f-ce833cedda2e, buy
2016-05-27 03:16:18,536 - script.py:29 - client - 4b5ad941-51d6-4672-a28f-9d29b1c8ba0a, sell
2016-05-27 03:16:19,007 - script.py:29 - client - c459e46f-58fb-47c7-83bb-06833678ba56, sell
2016-05-27 03:16:20,431 - script.py:29 - client - 51132ccd-e6b7-4279-a1ba-b17d37c394bd, buy
2016-05-27 03:16:20,669 - script.py:29 - client - b1e6ae3d-5c4b-440a-8c56-62e8902a26aa, sell
2016-05-27 03:16:20,905 - script.py:29 - client - ae7ab7eb-3493-4ca4-bdb3-6c0e84fb1a81, sell
2016-05-27 03:16:21,143 - script.py:29 - client - cd4e236f-8ff7-4286-800c-759a9ecc5347, sell
2016-05-27 03:16:21,859 - script.py:29 - client - 22287687-a58b-4f9f-b8f7-45b1b11fba17, buy
2016-05-27 03:16:22,338 - script.py:29 - client - 7871bfb6-aee8-4fa1-9242-652547e7ac52, buy
2016-05-27 03:16:22,585 - script.py:29 - client - 9dd70491-5656-4dee-81cd-5e388b6c1e2d, buy
2016-05-27 03:16:22,818 - script.py:29 - client - 56d69832-9c4a-48d0-848e-5e1ac1e0c45d, sell
2016-05-27 03:16:23,058 - script.py:29 - client - 85324327-ccba-4733-9d7f-67f9fbf25f45, buy
2016-05-27 03:16:23,298 - script.py:29 - client - 4466eb14-5b8b-4572-a278-e08ffa12059c, buy
2016-05-27 03:16:24,248 - script.py:29 - client - 4de4206c-e0eb-4124-8160-e01cb58a6e19, sell
2016-05-27 03:16:24,958 - script.py:29 - client - 3ad37856-231f-497d-a333-19218eb0d82b, buy
2016-05-27 03:16:25,194 - script.py:29 - client - f88e5eb0-287e-4482-9369-3aaf274d73c8, buy
2016-05-27 03:16:25,663 - script.py:29 - client - 63a39f5d-39dd-4505-8599-91ad283e3e3a, buy
2016-05-27 03:16:26,137 - script.py:29 - client - 5d088518-3bab-4731-83b8-f7dc26581ec8, buy
2016-05-27 03:16:26,610 - script.py:29 - client - 34ce32c6-83f8-4c0c-b24e-e599037ec356, sell
2016-05-27 03:16:26,847 - script.py:29 - client - 74be17e0-1014-4e84-9128-b8f425bb1c3a, sell
2016-05-27 03:16:27,083 - script.py:29 - client - c5662f89-8f4a-4534-bab0-a06c8d848b63, sell
2016-05-27 03:16:27,319 - script.py:29 - client - d2a7d17b-5a82-4208-8b82-12cf13de6ce7, buy
2016-05-27 03:16:28,031 - script.py:29 - client - 7c7a8f8a-a0f8-4c18-af58-f66805778bbe, buy
2016-05-27 03:16:28,503 - script.py:29 - client - 5f3af229-ef66-43d5-b1a3-ae732a849ac7, sell
2016-05-27 03:16:29,209 - script.py:29 - client - 413686d7-4675-406c-8cce-b1ac498e8b00, sell
2016-05-27 03:16:29,447 - script.py:29 - client - bbf9bfb9-4aa0-4fb3-8bdd-f0fbce8ccb29, sell
2016-05-27 03:16:29,683 - script.py:29 - client - 94f488b6-af67-49ba-b0e0-8e3f4c919dc5, sell
2016-05-27 03:16:30,158 - script.py:29 - client - b969a591-11e6-4eb3-9d2d-c910f0e443c3, sell
2016-05-27 03:16:30,404 - script.py:29 - client - 525c9abd-8d86-48d9-83d4-58a1e40085b0, buy
2016-05-27 03:16:30,641 - script.py:29 - client - a26af04c-fcc9-4860-9f52-2f42f46a493c, buy
2016-05-27 03:16:31,584 - script.py:29 - client - 5e7f53e3-4858-41ad-a694-ae33a3823215, buy
2016-05-27 03:16:32,057 - script.py:29 - client - a2f79810-16fd-4244-8b74-0292f02822b6, sell
2016-05-27 03:16:32,766 - script.py:29 - client - 871e7547-f255-4ff7-a92a-b5b288a1bdb8, buy
2016-05-27 03:16:33,001 - script.py:29 - client - 8d7fb5bc-f4fc-430e-a4c1-e5b6d93a33e1, buy
2016-05-27 03:16:34,189 - script.py:29 - client - 648b25e9-e96c-4963-b0e3-a1f43137d189, buy
2016-05-27 03:16:35,623 - script.py:29 - client - ca0b219e-2da7-4e36-a1ca-0d1fad0e0530, buy
2016-05-27 03:16:35,862 - script.py:29 - client - 6fd4e0f6-4b7c-411c-8f2f-c59940b5d21f, sell
2016-05-27 03:16:36,100 - script.py:29 - client - 9f389741-0bfc-46f2-8ce3-b635294f261c, buy
2016-05-27 03:16:36,819 - script.py:29 - client - 2a395a35-171a-46fc-b1f5-e41e248f76a5, buy
2016-05-27 03:16:37,289 - script.py:29 - client - e908d059-cdfc-479f-b1f4-f922fca56c78, buy
2016-05-27 03:16:37,525 - script.py:29 - client - c415e29e-e0ac-4585-b01c-3736dd3f197b, buy
2016-05-27 03:16:37,763 - script.py:29 - client - fd11a588-ca7e-4326-b805-6c77ad2fad68, sell
2016-05-27 03:16:38,241 - script.py:29 - client - 9d67b538-34f9-4175-83c5-4dc9070da5db, sell
2016-05-27 03:16:38,955 - script.py:29 - client - b24fce51-ba7e-435e-bc30-0de8e869a612, sell
2016-05-27 03:16:39,194 - script.py:29 - client - d3e3f80f-a999-420d-8f2f-2175997f9246, buy
2016-05-27 03:16:39,906 - script.py:29 - client - f3d59ec6-4b8b-4875-a008-2fa014535f16, sell
2016-05-27 03:16:40,855 - script.py:29 - client - 5d11eec2-52dc-49fc-b79c-c38fea8b26be, sell
2016-05-27 03:16:42,038 - script.py:29 - client - 481fba08-b60c-491b-b487-d5b7a8259e84, sell
2016-05-27 03:16:42,273 - script.py:29 - client - 34d924ec-4d23-4448-8a4f-ff23deb2a03a, buy
2016-05-27 03:16:42,753 - script.py:29 - client - 92db5c81-e72d-4dfd-88c0-be5864bbc2ad, sell
2016-05-27 03:16:43,460 - script.py:29 - client - 2d7fbcc7-25ba-4912-94b3-7a422a59298a, buy
2016-05-27 03:16:44,172 - script.py:29 - client - d800863a-3971-4736-9056-64f21ea5fc29, buy
2016-05-27 03:16:44,642 - script.py:29 - client - 4eeae858-e88f-47eb-a5b1-c0a563c44170, sell
2016-05-27 03:16:45,116 - script.py:29 - client - 5eb324a8-df9f-4851-b513-d2b6641eeeff, sell
2016-05-27 03:16:45,349 - script.py:29 - client - f7c05587-b3de-4b63-8812-1960a637895e, sell
2016-05-27 03:16:45,827 - script.py:29 - client - f616496c-5d49-42a0-a9b2-fbfc1845fac1, buy
2016-05-27 03:16:46,303 - script.py:29 - client - d48815aa-9f6b-47e8-9adb-a84ecbaef521, sell
2016-05-27 03:16:46,536 - script.py:29 - client - de57bd67-1b88-4f14-ba30-73a4a559427b, buy
2016-05-27 03:16:46,770 - script.py:29 - client - 9dc444a4-212c-4334-a5f8-a816b3b14bd6, sell
2016-05-27 03:16:47,245 - script.py:29 - client - 5321b2a9-af56-4656-bf6a-3284e1a92096, buy
2016-05-27 03:16:47,716 - script.py:29 - client - bef4b275-46c3-423d-a936-26aff0b01277, buy
2016-05-27 03:16:48,185 - script.py:29 - client - 1cb8afcb-9fe1-4aa1-99fb-213fb6a51501, buy
2016-05-27 03:16:48,655 - script.py:29 - client - 044db2e6-8ec2-4d83-850c-40a3e07708b0, sell
2016-05-27 03:16:48,894 - script.py:29 - client - d6c6269e-d426-4563-aea7-83abeb64f1b2, buy
2016-05-27 03:16:49,605 - script.py:29 - client - 697a6032-840a-4fa0-a173-9f4578ece07e, sell
2016-05-27 03:16:50,307 - script.py:29 - client - 5b76ae2a-7f31-4485-a92c-87efdc065698, sell
2016-05-27 03:16:50,783 - script.py:29 - client - 7b66716b-de9f-4f17-b776-195096557601, sell
2016-05-27 03:16:51,254 - script.py:29 - client - 739370e8-84a6-4201-93fe-2a4ee999e499, sell
2016-05-27 03:16:51,720 - script.py:29 - client - c8071f25-440b-4cd2-9b0c-ad13c24ac5a2, buy
2016-05-27 03:16:52,432 - script.py:29 - client - 48b66485-c674-4b17-bb5c-c14159a2407b, buy
2016-05-27 03:16:52,671 - script.py:29 - client - f97c8985-94f1-4587-83e5-a3d3e97b874f, sell
2016-05-27 03:16:52,909 - script.py:29 - client - 9b443dd3-ca4f-4b9a-b8ab-4e71d4110772, sell
2016-05-27 03:16:53,147 - script.py:29 - client - 05a9fafc-a934-402b-b110-177169385632, sell
2016-05-27 03:16:53,384 - script.py:29 - client - 036c9937-a472-48ae-97e3-fc219dabe243, sell
2016-05-27 03:16:54,338 - script.py:29 - client - 6e2d95e7-fd7c-4998-9bab-c0f62e51acc0, buy
2016-05-27 03:16:54,818 - script.py:29 - client - acd7cbc4-b04d-4fbe-84ea-a6fcaabd4691, buy
2016-05-27 03:16:55,055 - script.py:29 - client - 331f747c-0fff-47b5-8e53-f8738cdd0917, buy
2016-05-27 03:16:55,290 - script.py:29 - client - 4f15473d-4279-40ea-88c9-35265650f614, sell
2016-05-27 03:16:57,177 - script.py:29 - client - 94bd70d7-8181-442b-8ebd-27a86c4971d3, buy
2016-05-27 03:16:57,414 - script.py:29 - client - 43a52185-bb42-4a9d-b976-f14b041b7fea, sell
2016-05-27 03:16:57,884 - script.py:29 - client - 3771ff19-3e09-4a42-9f48-83ee91adc8cc, buy
2016-05-27 03:16:58,121 - script.py:29 - client - 4eef35a2-2376-4541-b00e-f6aa12536a2c, buy
2016-05-27 03:16:58,359 - script.py:29 - client - 54238ee9-588c-4978-ad97-9d0b2ddfd515, sell
2016-05-27 03:16:58,833 - script.py:29 - client - b7eda68d-f938-415a-87fd-a06d352e42af, buy
2016-05-27 03:16:59,073 - script.py:29 - client - 35b0ea8b-7a9b-4973-b70f-32bd08e5b620, sell
2016-05-27 03:16:59,786 - script.py:29 - client - b5c811e5-9c61-416c-9b85-f36d0e6fac7c, buy
2016-05-27 03:17:00,024 - script.py:29 - client - 0883015b-d402-4d8d-9842-14f409db7c24, sell
2016-05-27 03:17:00,263 - script.py:29 - client - 8a07908a-15d6-42f1-b2aa-be077504d495, buy
2016-05-27 03:17:00,502 - script.py:29 - client - 595d50b5-7148-4024-9b73-e985df82bbb8, buy
2016-05-27 03:17:01,692 - script.py:29 - client - 6459fa8c-ea51-415a-a524-89cad680ce94, sell
2016-05-27 03:17:02,406 - script.py:29 - client - accb0acc-f41e-4374-b953-2f20e0fc60c0, sell
2016-05-27 03:17:02,649 - script.py:29 - client - 0e503c41-18f9-4c17-a3ec-bed74ba6d744, sell
2016-05-27 03:17:03,594 - script.py:29 - client - 7ed13bbb-b03c-460d-90fa-35023140da45, sell
2016-05-27 03:17:03,829 - script.py:29 - client - 90e74bf3-63e6-4411-bbe9-ac3673e058d3, buy
2016-05-27 03:17:05,395 - script.py:29 - client - 939030cf-d325-4fd3-9244-a5d99f76624a, sell
2016-05-27 03:17:06,112 - script.py:29 - client - 32128bf0-8f81-4815-8fad-8ea5826b1100, sell
2016-05-27 03:17:06,825 - script.py:29 - client - 4a275d8b-0eb3-4d01-a971-ef811bd9a655, buy
2016-05-27 03:17:07,066 - script.py:29 - client - cd69db41-4cd7-4e4f-8cbc-decf188d4ca4, sell
2016-05-27 03:17:07,782 - script.py:29 - client - 4d0f35ee-6395-4a99-b971-4e3208da6792, buy
2016-05-27 03:17:08,257 - script.py:29 - client - 5403d235-3eda-4288-b251-26a86ca24e8d, sell
2016-05-27 03:17:08,964 - script.py:29 - client - 37a39d6e-e6b1-40b2-a800-69fdc659522c, sell
2016-05-27 03:17:09,201 - script.py:29 - client - d01cf4ad-cacc-466c-91a0-e6ba295dd78e, sell
2016-05-27 03:17:09,914 - script.py:29 - client - 23591c7e-47a7-41c4-9891-e2970f560502, buy
2016-05-27 03:17:10,150 - script.py:29 - client - 8854d9ec-82ca-41ea-b509-0cb83136a8ba, sell
2016-05-27 03:17:10,389 - script.py:29 - client - 2c6e5ff4-975d-4497-a525-59a5cb12b288, buy
2016-05-27 03:17:11,341 - script.py:29 - client - 68f70d00-b496-4008-bb1c-37ab6a712530, sell
2016-05-27 03:17:12,052 - script.py:29 - client - 29ec5696-c14d-41d7-bbdf-87e41d6040db, buy
2016-05-27 03:17:12,524 - script.py:29 - client - ee35fb78-8d95-4e24-9696-e6b86c346834, sell
2016-05-27 03:17:12,992 - script.py:29 - client - 2f9934ac-f3ed-4dc8-b5b5-b2d5e1ae60f9, buy
2016-05-27 03:17:14,272 - script.py:29 - client - 12f110f6-5baa-4981-8072-1a853d29c3f2, buy
2016-05-27 03:17:14,758 - script.py:29 - client - 6a8de7b9-0958-4912-a19d-a1657c68415b, sell
2016-05-27 03:17:14,997 - script.py:29 - client - 31661b38-4cc0-4edf-872b-903957ac84f6, buy
2016-05-27 03:17:15,966 - script.py:29 - client - 9a6dccdc-be35-4bc7-8da2-2e305de8ae62, buy
2016-05-27 03:17:16,205 - script.py:29 - client - d09064cd-ec7d-4d94-b1b7-5199c243bb36, sell
2016-05-27 03:17:17,060 - script.py:29 - client - d7acaea1-21ec-4156-a16f-b340dfb52cc4, sell
2016-05-27 03:17:17,763 - script.py:29 - client - 471f0083-bced-4916-9438-81bacb4537f0, sell
2016-05-27 03:17:18,001 - script.py:29 - client - cb00662f-32de-4f16-97a4-6b235311e233, sell
2016-05-27 03:17:19,404 - script.py:29 - client - 6e4cf576-379f-44a1-b66d-b6b6ca8af385, buy
2016-05-27 03:17:20,549 - script.py:29 - client - aa44b015-dccf-4dd1-97c3-4c95c76ce1e0, sell
2016-05-27 03:17:21,975 - script.py:29 - client - 53b1dce1-b8d5-424f-a37e-1fa267da0e6c, buy
2016-05-27 03:17:22,212 - script.py:29 - client - 5d24403e-6513-48cb-b471-7deb51f2874c, sell
2016-05-27 03:17:22,684 - script.py:29 - client - ec4e092d-081c-4677-b31f-d4867b80a40d, sell
2016-05-27 03:17:23,163 - script.py:29 - client - 5750f962-5408-4bb5-bc89-73b8608d1ae0, buy
2016-05-27 03:17:24,343 - script.py:29 - client - 47bffc16-f17a-4421-8e48-6c159c933b33, sell
2016-05-27 03:17:24,582 - script.py:29 - client - 0ea1f19b-0208-4178-8571-b84ca25fd203, buy
2016-05-27 03:17:25,295 - script.py:29 - client - b003a6a4-767f-4d8a-a448-7ec08ce4d3f7, sell
2016-05-27 03:17:26,010 - script.py:29 - client - 22663b90-871a-484e-8ae7-73bebdd7ee85, buy
2016-05-27 03:17:26,246 - script.py:29 - client - 1ec2dcff-1736-40c8-b78a-9d1a06dad8d4, buy
2016-05-27 03:17:26,481 - script.py:29 - client - ab474358-01be-480d-b7f8-0857c4cb19e6, sell
2016-05-27 03:17:27,192 - script.py:29 - client - 8dcc112a-34bc-4d36-9dc3-c1f52efab504, buy
2016-05-27 03:17:27,434 - script.py:29 - client - d24e7cb3-e809-4c14-8d2b-b0972ff39ee5, buy
2016-05-27 03:17:28,385 - script.py:29 - client - 6cc43696-c42a-4ae8-8a4e-e4dbb45b1231, sell
2016-05-27 03:17:28,622 - script.py:29 - client - db249fee-c0d2-42c5-97ec-9763959311ac, buy
2016-05-27 03:17:28,857 - script.py:29 - client - 270be6ed-2b06-471b-be5d-456a0f04ab67, sell
2016-05-27 03:17:29,329 - script.py:29 - client - d968ef03-16c8-440c-b62a-f924288a3bcd, buy
2016-05-27 03:17:29,567 - script.py:29 - client - 8ceeec7a-2ef8-4589-aa21-8d8341c41e95, sell
2016-05-27 03:17:29,803 - script.py:29 - client - e6cf3033-6fa1-4c1d-80f8-950eeda340db, buy
2016-05-27 03:17:30,278 - script.py:29 - client - 11d29aae-c4df-4b64-9ad2-a9e2e434d460, buy
2016-05-27 03:17:30,756 - script.py:29 - client - b2cb97a4-c2fe-4820-bb41-682664437d61, sell
2016-05-27 03:17:30,994 - script.py:29 - client - 08fa2705-a125-47f3-96a0-bfc1f3bc9baa, buy
2016-05-27 03:17:31,231 - script.py:29 - client - 65c5057e-a667-41f1-84f7-2d057bf95aae, buy
2016-05-27 03:17:31,937 - script.py:29 - client - b0f85908-ecc8-4a55-af66-919ce16b6497, sell
2016-05-27 03:17:32,175 - script.py:29 - client - 1884867f-09a8-4d7d-845d-fc9ec5ea7188, sell
2016-05-27 03:17:32,411 - script.py:29 - client - dcfe38a7-eea3-4a72-849a-325acc4d76e5, buy
2016-05-27 03:17:33,836 - script.py:29 - client - c4bb9c99-3c71-4dca-9046-aad0ab57fdfb, buy
2016-05-27 03:17:34,553 - script.py:29 - client - f9a909ab-79ec-4d02-a609-5708ee0d60d2, sell
2016-05-27 03:17:36,211 - script.py:29 - client - 5ce3baaa-a8fd-4e95-8332-e6d8ca0ac4f8, buy
2016-05-27 03:17:36,681 - script.py:29 - client - 64b1ceb2-3c04-4f7b-a5ce-bce835a6e960, buy
2016-05-27 03:17:36,917 - script.py:29 - client - e5a2413f-f037-4c64-aa8b-ac9fc7902fe7, buy
2016-05-27 03:17:37,157 - script.py:29 - client - 1dc0ab78-a11e-4650-ae39-72942060b281, sell
2016-05-27 03:17:37,395 - script.py:29 - client - 7b94480c-50da-4a18-baa2-c4fb7fccd29b, buy
2016-05-27 03:17:37,875 - script.py:29 - client - 46c52924-80ef-47a4-b68f-6a17517b2d7d, buy
2016-05-27 03:17:38,113 - script.py:29 - client - 7f5bff13-ba4d-4336-8007-7d8bcd9f32f0, sell
2016-05-27 03:17:38,352 - script.py:29 - client - 6179a58a-30c7-49eb-8706-aae6ae0f3124, sell
2016-05-27 03:17:38,829 - script.py:29 - client - 8769e918-da0a-49e3-914c-a5b3318f85ec, buy
2016-05-27 03:17:39,066 - script.py:29 - client - 29d68056-437f-4913-8c05-f6b94125874a, sell
2016-05-27 03:17:40,014 - script.py:29 - client - 750c2703-09c5-491e-89f9-6c094a581144, sell
2016-05-27 03:17:40,247 - script.py:29 - client - 1159af5d-ccb8-4b93-9a4f-6801275fd2be, sell
2016-05-27 03:17:40,485 - script.py:29 - client - f748b94f-3bb4-4bf0-b340-2d65e9f79f47, sell
2016-05-27 03:17:40,723 - script.py:29 - client - df3c6b2d-ac22-43b8-aee4-aaae9a704ccd, sell
2016-05-27 03:17:41,196 - script.py:29 - client - dff8b7cd-9a1b-4d85-93d4-003a64b45db2, buy
2016-05-27 03:17:41,673 - script.py:29 - client - a5dd5b95-0f72-42bf-99d8-b5241aa8e2f5, sell
2016-05-27 03:17:42,622 - script.py:29 - client - 3a8a60ae-1f52-4276-af08-42635ad7df66, sell
2016-05-27 03:17:42,861 - script.py:29 - client - 9038ae67-3bbd-449d-9fe1-aa3beb3db2a9, buy
2016-05-27 03:17:43,335 - script.py:29 - client - 81c332af-25e6-41b7-8d83-a695cf807400, sell
2016-05-27 03:17:43,577 - script.py:29 - client - 5231e265-70af-481b-b307-7e99499490aa, buy
2016-05-27 03:17:44,055 - script.py:29 - client - 6b6eeb67-6797-4408-808c-bc7118fb6b32, sell
2016-05-27 03:17:44,291 - script.py:29 - client - 1eb071cb-a845-448f-afbe-690ab21ae616, buy
2016-05-27 03:17:45,007 - script.py:29 - client - b982587c-4568-4909-b69a-9a2fdf9507dd, sell
2016-05-27 03:17:45,245 - script.py:29 - client - 3816f58e-369d-42e3-9b2e-fd911cc43928, sell
2016-05-27 03:17:45,955 - script.py:29 - client - cb704750-6623-4881-aace-88595595526b, buy
2016-05-27 03:17:46,667 - script.py:29 - client - e3a28d94-c97d-410e-846f-958237b3da64, buy
2016-05-27 03:17:46,902 - script.py:29 - client - b3ca7491-9152-4a40-931a-99cce59d505d, sell
2016-05-27 03:17:47,146 - script.py:29 - client - c3a5ea44-ebc1-4f1a-afe6-c531a0cf9b1a, buy
2016-05-27 03:17:47,619 - script.py:29 - client - 5e3e463c-fc3d-4a76-8aa8-680cbb4666a7, sell
2016-05-27 03:17:48,330 - script.py:29 - client - 09ac9ad5-3085-447e-8d23-5d07214713eb, sell
2016-05-27 03:17:48,567 - script.py:29 - client - 618fa8c6-9190-4407-8ccd-3b20f20c7b47, sell
2016-05-27 03:17:48,806 - script.py:29 - client - 945cf805-7878-4980-86e0-a14822236745, sell
2016-05-27 03:17:49,043 - script.py:29 - client - 75dbb9a4-459a-475a-99c0-fdeed02f9a22, sell
2016-05-27 03:17:49,280 - script.py:29 - client - a27059b0-590d-4f75-940f-f67e7b40c81a, sell
2016-05-27 03:17:49,750 - script.py:29 - client - bfc59155-619d-4281-8b97-0b47ccea0014, sell
2016-05-27 03:17:50,225 - script.py:29 - client - 1bb85638-46d0-41b2-adc5-566263c77aa5, buy
2016-05-27 03:17:50,938 - script.py:29 - client - 9b4b2ab9-2209-41a4-a9a2-6a7928a9f92e, sell
2016-05-27 03:17:51,177 - script.py:29 - client - 087ee05a-dde7-448c-b6a6-3b715e5da0ab, buy
2016-05-27 03:17:51,648 - script.py:29 - client - cf11572c-ff69-4c4b-9f5e-996a92be134b, sell
2016-05-27 03:17:52,122 - script.py:29 - client - 7549289d-c41c-410e-97c6-b9c2686eaf9a, buy
2016-05-27 03:17:52,359 - script.py:29 - client - e863dc63-2949-42db-aa40-aa77923322f0, sell
2016-05-27 03:17:52,833 - script.py:29 - client - 07ccd3f1-a040-438a-a7ef-d18932581f1d, sell
2016-05-27 03:17:53,308 - script.py:29 - client - abe4c832-9830-4a23-a52c-7dffa83a1dd4, sell
2016-05-27 03:17:53,783 - script.py:29 - client - fc82272f-ffd2-43ad-9968-2e9b2d3c7350, sell
2016-05-27 03:17:54,021 - script.py:29 - client - 1514fd1f-582e-40b2-96a5-621d880352e8, sell
2016-05-27 03:17:54,496 - script.py:29 - client - 9b996fa2-63c9-4ae9-bcb5-9c0daee1e01d, sell
2016-05-27 03:17:54,735 - script.py:29 - client - 0ab78dd1-7772-41d1-9294-efd08225d42f, buy
2016-05-27 03:17:55,441 - script.py:29 - client - 1f7861e5-744b-45c4-b21c-217f33f4e556, sell
2016-05-27 03:17:55,679 - script.py:29 - client - 8f91f42c-36c5-4f91-9eb1-72fe8473c26f, sell
2016-05-27 03:17:55,920 - script.py:29 - client - fe6997a0-3ec5-44fb-a787-6015d3bcea8a, buy
2016-05-27 03:17:56,631 - script.py:29 - client - ac2fcd5b-0a94-4315-ade0-af86392bba96, sell
2016-05-27 03:17:57,348 - script.py:29 - client - 0686bd76-48ab-4843-8988-2ada3f4db6b3, buy
2016-05-27 03:17:57,584 - script.py:29 - client - 2c310a89-ed27-4e30-83ec-6ddb367ef008, sell
2016-05-27 03:17:57,820 - script.py:29 - client - 6003a80b-a437-4fcc-9ed5-ff63aef08c76, buy
2016-05-27 03:17:58,057 - script.py:29 - client - 752ccaed-1f9e-459a-b6db-493387ecb23f, sell
2016-05-27 03:17:58,538 - script.py:29 - client - a85d33aa-3dae-4456-b113-4bfd274db762, buy
2016-05-27 03:17:58,774 - script.py:29 - client - 26620534-34a7-4976-b3aa-d8a1f77914a0, sell
2016-05-27 03:17:59,247 - script.py:29 - client - 409196ec-3f6a-4315-ac1c-39e74c4bb9fb, buy
2016-05-27 03:17:59,489 - script.py:29 - client - abafa25a-d31c-4fba-8080-57124f6da118, sell
2016-05-27 03:18:00,676 - script.py:29 - client - 26dd3ec4-2ded-4a05-b1eb-64923e9858bc, buy
2016-05-27 03:18:00,913 - script.py:29 - client - 95e78605-af7b-4752-9251-a39955506711, buy
2016-05-27 03:18:01,153 - script.py:29 - client - e7c990a6-5a84-4a36-9451-e4c00c328214, buy
2016-05-27 03:18:01,631 - script.py:29 - client - 6f50e349-4ad7-4f28-bcca-83211be4e84b, sell
2016-05-27 03:18:01,870 - script.py:29 - client - b44f2021-d0db-441e-a2fb-1ccf42f27def, buy
2016-05-27 03:18:02,583 - script.py:29 - client - 2cf79f34-ff1e-41ce-9992-fe0194ebe466, buy
2016-05-27 03:18:04,237 - script.py:29 - client - bd7af05c-c718-48ed-a65c-9c9dc55e5a5f, sell
2016-05-27 03:18:05,186 - script.py:29 - client - 70f75331-4bda-47ce-bbf3-a186c8421254, sell
2016-05-27 03:18:05,423 - script.py:29 - client - 4eccfb4a-e98d-4b81-9b12-ffc22a00f58a, buy
2016-05-27 03:18:05,660 - script.py:29 - client - dffb4827-858a-443b-bbdb-1b0c46a2e02f, sell
2016-05-27 03:18:05,896 - script.py:29 - client - 1e38d107-d85d-4e89-949d-a0a85273e27a, sell
2016-05-27 03:18:06,135 - script.py:29 - client - d0fbf54e-b5ba-450a-9a5d-3b8b3bc1fb85, sell
2016-05-27 03:18:06,372 - script.py:29 - client - 156e04e0-3b87-4efe-9741-fc178e186463, buy
2016-05-27 03:18:06,611 - script.py:29 - client - 86fcfdac-9d90-495a-9505-d8d04723b4f5, buy
2016-05-27 03:18:07,085 - script.py:29 - client - 25f40727-87e8-4aab-aa0a-388a4c18cd00, buy
2016-05-27 03:18:07,319 - script.py:29 - client - fab202ac-2fa6-41b5-98d2-472109b51c2b, sell
2016-05-27 03:18:08,265 - script.py:29 - client - 4d0c352f-5509-4334-b66d-1ac12d705569, sell
2016-05-27 03:18:08,739 - script.py:29 - client - 505dbe9f-0673-422d-b6dd-926d8691d228, buy
2016-05-27 03:18:09,451 - script.py:29 - client - c8135e87-0d34-4479-a63e-994fc9193405, sell
2016-05-27 03:18:10,168 - script.py:29 - client - 9bbdd9be-dd3c-4d6b-aac5-6ee9bce02334, sell
2016-05-27 03:18:10,645 - script.py:29 - client - 8e6963b5-aa75-45f3-84e2-f747a727be0f, buy
2016-05-27 03:18:10,883 - script.py:29 - client - 03011ae3-ec3c-4137-bb18-1a13a3e8cb10, sell
2016-05-27 03:18:11,123 - script.py:29 - client - c6f20896-110e-4f66-ab86-1fb59a6437ac, sell
2016-05-27 03:18:11,360 - script.py:29 - client - 6a028e12-7b69-4058-9e65-0d1f783914b5, buy
2016-05-27 03:18:12,070 - script.py:29 - client - 93dd64f8-8e79-4e17-b1c2-85418f1c6802, buy
2016-05-27 03:18:13,022 - script.py:29 - client - e4ca644f-095e-4700-bbfa-cfe087d370ae, sell
2016-05-27 03:18:13,974 - script.py:29 - client - d6c12d99-89e9-47c5-af57-94f6f38b814d, sell
2016-05-27 03:18:15,392 - script.py:29 - client - 52b5ec0b-cc7f-4127-9480-8caa0470e00d, sell
2016-05-27 03:18:15,865 - script.py:29 - client - d64e6648-79c5-4c2d-b086-b526dcbcd52e, sell
2016-05-27 03:18:16,570 - script.py:29 - client - 9d721789-e35f-442f-802b-6f7a9701e34a, buy
2016-05-27 03:18:16,803 - script.py:29 - client - 933b7ee6-ebab-40e8-9de1-4519dad2716c, sell
2016-05-27 03:18:17,748 - script.py:29 - client - fd126876-f8b7-4a69-9743-160ed1124755, sell
2016-05-27 03:18:17,986 - script.py:29 - client - ee975d91-1382-4cbd-9016-c85252ca6a9f, sell
2016-05-27 03:18:18,932 - script.py:29 - client - d6c2c56a-3793-4453-aab9-ba17144fc40c, buy
2016-05-27 03:18:19,408 - script.py:29 - client - 5d27b992-9019-4bd1-a7bc-a040f69ce366, buy
2016-05-27 03:18:19,648 - script.py:29 - client - d3eec55c-b171-4484-9217-9b39a91775f9, sell
2016-05-27 03:18:19,886 - script.py:29 - client - 3fcceb10-75b5-4508-aec9-d1c0af1c543b, buy
2016-05-27 03:18:20,835 - script.py:29 - client - 78bfa9d1-df5a-4aa8-a2d3-6c00cb02480e, sell
2016-05-27 03:18:21,075 - script.py:29 - client - 590671c1-0c6d-4222-beeb-13f2041cd686, sell
2016-05-27 03:18:21,313 - script.py:29 - client - 6d0acb5a-21e5-4c9f-8c76-4629a0930b93, sell
2016-05-27 03:18:21,785 - script.py:29 - client - 1103d9ac-d545-4de7-b2c6-f3297e9a56be, buy
2016-05-27 03:18:23,208 - script.py:29 - client - 2303d440-6932-44b4-bd05-0d0677ed4a92, buy
2016-05-27 03:18:23,446 - script.py:29 - client - 2fc917b3-281d-437e-a82c-ee27e8aa634c, sell
2016-05-27 03:18:23,685 - script.py:29 - client - 5132cf9e-a283-4f06-beb2-99ce1f89f83e, buy
2016-05-27 03:18:24,634 - script.py:29 - client - 34f5c7e1-9db2-4816-bcb6-01aae3776a0b, buy
2016-05-27 03:18:24,871 - script.py:29 - client - 93454b2a-b423-4178-9c0b-aa67206dbd20, buy
2016-05-27 03:18:25,106 - script.py:29 - client - fc4cfacb-c57f-4170-8ef8-91f889dff219, buy
2016-05-27 03:18:25,580 - script.py:29 - client - 9d446400-6f3c-4836-b4e1-b62a0f25ee90, sell
2016-05-27 03:18:25,818 - script.py:29 - client - f5d1ad94-8267-4969-b120-4c4e99d84558, buy
2016-05-27 03:18:26,530 - script.py:29 - client - c6a57143-422e-4ffb-a480-105422434871, sell
2016-05-27 03:18:27,003 - script.py:29 - client - 5a783c38-0c05-4a6b-9aae-c42ca89ba80d, sell
2016-05-27 03:18:27,712 - script.py:29 - client - b36b64b6-ac0e-4de1-aaf3-a6e6bb70d6e8, sell
2016-05-27 03:18:27,948 - script.py:29 - client - dd37c51e-0d8f-453a-8fb3-825a560f6418, sell
2016-05-27 03:18:29,129 - script.py:29 - client - 68acf6de-4fb8-4246-b322-0223a965e63f, buy
2016-05-27 03:18:30,789 - script.py:29 - client - d5c154a7-66bb-419f-bb96-176ee7a0fc34, buy
2016-05-27 03:18:31,979 - script.py:29 - client - 31b338cb-48a0-435e-ab9a-1b15cc2dc218, buy
2016-05-27 03:18:32,217 - script.py:29 - client - 5d4321a3-9aa4-4383-a428-38b47a74d720, buy
2016-05-27 03:18:32,454 - script.py:29 - client - 9119b583-e341-49ca-b5f6-00bfd3b23c0b, buy
2016-05-27 03:18:32,690 - script.py:29 - client - fcb30c9e-d9f3-4ef5-aca9-6c2b9c884671, sell
2016-05-27 03:18:32,924 - script.py:29 - client - d5c30c81-732b-4f36-8c22-961d8a807c0f, sell
2016-05-27 03:18:33,161 - script.py:29 - client - 5114a742-9746-41b8-a7e8-fe5e99365626, buy
2016-05-27 03:18:33,396 - script.py:29 - client - c71883cc-8cdf-422a-8811-828cb3f48824, sell
2016-05-27 03:18:33,632 - script.py:29 - client - afe3c397-1514-46bd-84ed-6eb570b919e1, buy
2016-05-27 03:18:34,341 - script.py:29 - client - a0b5f461-61b4-4123-a312-8d2210a1c675, sell
2016-05-27 03:18:34,581 - script.py:29 - client - 443e5510-1f2f-402c-8b8c-fb4631d9ec9a, sell
2016-05-27 03:18:34,820 - script.py:29 - client - 818f2fb5-f921-4b0c-ae15-cc2774724664, sell
2016-05-27 03:18:35,054 - script.py:29 - client - 41644d41-9836-41c7-9f3e-a8d68e7b6096, sell
2016-05-27 03:18:35,295 - script.py:29 - client - 577fa2d7-b489-457d-ab6f-8f484d609472, buy
2016-05-27 03:18:35,531 - script.py:29 - client - 231dd54b-4313-4022-bd5d-ff65a5f4890a, sell
2016-05-27 03:18:36,001 - script.py:29 - client - 1a784eb8-9028-4064-a438-4017681763d9, buy
2016-05-27 03:18:36,235 - script.py:29 - client - 309b33b4-da74-4734-9993-36480e243858, sell
2016-05-27 03:18:36,471 - script.py:29 - client - 641701ee-0966-41d9-a645-ad3a98cd78e6, sell
2016-05-27 03:18:36,947 - script.py:29 - client - 71104757-77b6-41c7-9b4f-fbd14dd06f5f, buy
2016-05-27 03:18:37,184 - script.py:29 - client - 080f0076-47bd-49d2-aa81-aa1c47ee14ec, sell
2016-05-27 03:18:38,127 - script.py:29 - client - 0c5fab3d-e709-4563-ab72-5f1d3560f826, sell
2016-05-27 03:18:38,838 - script.py:29 - client - 1af527ca-29ab-4d84-b759-7de881485754, sell
2016-05-27 03:18:39,311 - script.py:29 - client - 0bb3fdb7-fd1c-4236-8bfb-1e87fc0ee69d, buy
2016-05-27 03:18:40,022 - script.py:29 - client - b76c8740-9e26-4b8b-abb9-3815e614822e, sell
2016-05-27 03:18:40,966 - script.py:29 - client - 82d487e7-b24a-4e25-8057-5d6715b4c3fb, buy
2016-05-27 03:18:41,441 - script.py:29 - client - 670871f7-8f8f-4f82-8c7c-16bd0be10815, buy
2016-05-27 03:18:41,916 - script.py:29 - client - 9c3ced71-ac13-4972-897f-49be3b938bac, buy
2016-05-27 03:18:42,387 - script.py:29 - client - 193c5b0a-767e-4ce3-bd54-03165f191e3b, buy
2016-05-27 03:18:42,625 - script.py:29 - client - ba1d0d6f-d97d-436f-a134-4cbac31fe9ed, buy
2016-05-27 03:18:42,864 - script.py:29 - client - 6e0e2499-d23f-45a6-8d96-85de360cc2bf, buy
2016-05-27 03:18:43,101 - script.py:29 - client - 1d651c79-2976-4524-869f-2546c12e6366, sell
2016-05-27 03:18:45,951 - script.py:29 - client - 97826c4f-7ecd-4128-9308-b390157f6c7b, sell
2016-05-27 03:18:46,422 - script.py:29 - client - f4e4f7a4-d5cc-4536-b797-8328b07eb061, sell
2016-05-27 03:18:46,894 - script.py:29 - client - d0fb798f-3065-44e9-bc87-c425e71409bd, sell
2016-05-27 03:18:48,081 - script.py:29 - client - 594e5d30-051b-4318-8573-a5c6fd5cc926, buy
2016-05-27 03:18:48,555 - script.py:29 - client - 7fe55308-1bff-4c0c-acec-49f30ba85190, sell
2016-05-27 03:18:49,265 - script.py:29 - client - ef550ada-83b2-41c6-95a1-8bad6d193afd, sell
2016-05-27 03:18:49,737 - script.py:29 - client - 51c242f3-d134-4ced-b2dd-79a088f042a2, sell
2016-05-27 03:18:49,975 - script.py:29 - client - 65ea628a-68a5-4392-bba5-722ebb440cb4, buy
2016-05-27 03:18:50,211 - script.py:29 - client - e2a8ea38-6b35-4932-aede-07f4f4b3e8dc, sell
2016-05-27 03:18:51,632 - script.py:29 - client - 0b458e7b-35e0-4cec-bfbd-0825c412ef9e, sell
2016-05-27 03:18:51,867 - script.py:29 - client - 93c53c65-4aa8-4c8e-b1fb-de48f55059d4, buy
2016-05-27 03:18:52,341 - script.py:29 - client - 6172dbb2-fadf-46de-b58b-a23bbe05dab1, sell
2016-05-27 03:18:52,575 - script.py:29 - client - 1cc0d8ca-e898-4654-9ade-fc152b59c7f8, sell
2016-05-27 03:18:53,050 - script.py:29 - client - fd769ae6-b93a-4621-82bb-0c442cf3ca18, buy
2016-05-27 03:18:54,001 - script.py:29 - client - b4ad77e0-4fe9-4149-bc9d-2868f8b63e93, buy
2016-05-27 03:18:54,239 - script.py:29 - client - cd8365ce-2fd8-4051-b8f3-7bdf44e238f7, buy
2016-05-27 03:18:54,712 - script.py:29 - client - 9ea4463e-e01a-48e6-b594-71b0c490efc3, sell
2016-05-27 03:18:54,951 - script.py:29 - client - 97bee1ac-5e8a-4f42-9c1d-36f7d6d1813a, sell
2016-05-27 03:18:55,427 - script.py:29 - client - 3fa71a49-67e8-4c5b-81d3-a86e869ef267, buy
2016-05-27 03:18:56,375 - script.py:29 - client - 4bf0101e-f8e5-411e-ab2a-5f65b3cda3d9, buy
2016-05-27 03:18:57,328 - script.py:29 - client - 79f17829-b47a-49ec-9759-a1ae3af07be0, sell
2016-05-27 03:18:57,566 - script.py:29 - client - e0362e91-817f-483a-821d-b7a49c74afe1, sell
2016-05-27 03:18:57,805 - script.py:29 - client - d08b3a4c-612f-4f2f-b657-df48a1f702ef, buy
2016-05-27 03:18:58,277 - script.py:29 - client - fde0481e-f6d7-4cf4-8586-74ec51fba694, sell
2016-05-27 03:18:58,747 - script.py:29 - client - cc2d63c0-da02-40d7-8519-9deb3c132b56, sell
2016-05-27 03:18:58,983 - script.py:29 - client - 1d1b9b88-0b00-4d7f-992b-15559c5676e6, sell
2016-05-27 03:18:59,216 - script.py:29 - client - 1ec34e73-4803-48fa-9827-3a57b12f65a0, sell
2016-05-27 03:18:59,459 - script.py:29 - client - 5f944a60-c550-4db8-a1cc-d12f922a460f, buy
2016-05-27 03:19:00,410 - script.py:29 - client - 27a52baa-025d-4b33-b8e9-434516ab55d8, sell
2016-05-27 03:19:00,882 - script.py:29 - client - 508ff9a8-a436-45a3-a923-051ac42f109a, sell
2016-05-27 03:19:01,120 - script.py:29 - client - 01128d86-5c44-44bc-8340-e1e6c04a84e7, sell
2016-05-27 03:19:01,357 - script.py:29 - client - 9cc9373e-748d-4df5-968a-7aee6b974012, sell
2016-05-27 03:19:01,833 - script.py:29 - client - 5c460c3e-a9ee-477b-bea1-916193bfc1a6, buy
2016-05-27 03:19:02,069 - script.py:29 - client - 1c5812a0-0d11-4ad4-9b84-1903cc1809c6, buy
2016-05-27 03:19:03,252 - script.py:29 - client - afffe818-0233-43c7-9850-ea1c6ace0490, buy
2016-05-27 03:19:03,724 - script.py:29 - client - c66a6c03-85b5-4359-853d-50ec89c3c67b, buy
2016-05-27 03:19:03,957 - script.py:29 - client - 7d6ca4ac-2a64-4aad-89c4-afc2e925c95d, buy
2016-05-27 03:19:04,192 - script.py:29 - client - 04ec442c-f29f-4fe8-a8de-9f7b7479cf2f, sell
2016-05-27 03:19:04,666 - script.py:29 - client - 270f7e90-7bf6-46c1-bc1f-b7831e2cd487, buy
2016-05-27 03:19:04,900 - script.py:29 - client - a367b259-096c-4c7f-8f8d-0489b219ce6c, sell
2016-05-27 03:19:05,137 - script.py:29 - client - 6f881725-0a78-42b8-aee5-cc7a8d2aca5b, buy
2016-05-27 03:19:06,558 - script.py:29 - client - 30a913f7-84cd-4071-a767-052ab3973cf8, buy
2016-05-27 03:19:07,033 - script.py:29 - client - 5f67a5a5-e880-481e-97ad-2f222321d9da, buy
2016-05-27 03:19:07,505 - script.py:29 - client - 62256805-85ad-4461-b4c4-3c475f0bbfb7, sell
2016-05-27 03:19:07,744 - script.py:29 - client - 6b4eec0c-4caf-4165-8df6-a343dfd7be15, sell
2016-05-27 03:19:08,213 - script.py:29 - client - 57ce889e-34cd-4708-9634-85c6c2940e2b, buy
2016-05-27 03:19:08,448 - script.py:29 - client - 9450a1c3-2688-40b2-a3ee-995e93469fa5, sell
2016-05-27 03:19:09,635 - script.py:29 - client - a60d5777-dc1f-40c3-9262-232d86bcc159, buy
2016-05-27 03:19:09,872 - script.py:29 - client - f03a2659-2315-44f3-9f08-cd52f48ea5a7, buy
2016-05-27 03:19:10,107 - script.py:29 - client - fc144bbb-eee9-4911-86af-39997fd62bff, buy
2016-05-27 03:19:10,585 - script.py:29 - client - c1a83dac-42bf-4a15-9019-85a019cac635, buy
2016-05-27 03:19:10,825 - script.py:29 - client - c1ad050b-523d-46fc-99b1-ebe80a0c5c35, buy
2016-05-27 03:19:11,062 - script.py:29 - client - 3404d5d3-dc42-417f-b860-b9558317ccd4, sell
2016-05-27 03:19:11,297 - script.py:29 - client - e7005600-572f-407d-8549-d4ef6602d60a, buy
2016-05-27 03:19:11,533 - script.py:29 - client - 9d37b1f9-a571-4864-aaae-cd84879e4213, sell
2016-05-27 03:19:11,769 - script.py:29 - client - dba6dacb-63ea-4a35-89d4-627478695706, buy
2016-05-27 03:19:12,720 - script.py:29 - client - bea66116-abda-46a5-88ca-b795ebccdbed, sell
2016-05-27 03:19:12,959 - script.py:29 - client - 6b51c257-3d60-49ca-a17d-9890fdd6c31b, sell
2016-05-27 03:19:13,676 - script.py:29 - client - 2abd5efb-f5da-438a-b20e-096ae6768446, buy
2016-05-27 03:19:13,915 - script.py:29 - client - 1497ee67-67c3-470f-b0bb-1e3ecb220f59, sell
2016-05-27 03:19:14,148 - script.py:29 - client - 454efd45-6661-4119-bdb0-3d13d92897ea, buy
2016-05-27 03:19:14,858 - script.py:29 - client - 4c61003e-7f6f-4a82-936d-452000a05e65, buy
2016-05-27 03:19:15,097 - script.py:29 - client - efc8a3fe-7d11-4f66-8119-8f0dd3de27f5, sell
2016-05-27 03:19:16,286 - script.py:29 - client - c4dcc8f9-6fc4-46e0-95a5-275c928ab3ae, sell
2016-05-27 03:19:16,524 - script.py:29 - client - a34e79ea-a907-47de-81bc-9fab9876cad6, buy
2016-05-27 03:19:16,762 - script.py:29 - client - a9f0564f-2ae2-4a74-9b08-a9ba9c37a486, buy
2016-05-27 03:19:17,714 - script.py:29 - client - 08026ce0-dde9-4b23-8df7-f29e162d71a1, buy
2016-05-27 03:19:18,422 - script.py:29 - client - 35d5f360-dd8b-4a07-b112-706f9753e692, sell
2016-05-27 03:19:18,660 - script.py:29 - client - 71730443-3aeb-428d-9806-95aa7c3db2be, sell
2016-05-27 03:19:18,898 - script.py:29 - client - 7d0efea9-157d-404b-9148-58b3e32b1f6f, sell
2016-05-27 03:19:19,136 - script.py:29 - client - d9d1b939-7ed1-4355-9566-d45e271d54ca, sell
2016-05-27 03:19:19,373 - script.py:29 - client - 1175ee15-978d-47a3-85ec-f909a2aed5c7, sell
2016-05-27 03:19:19,609 - script.py:29 - client - 1bdcf591-9f6a-4440-8aa5-04a1ad6fe8d3, sell
2016-05-27 03:19:19,844 - script.py:29 - client - 0435e269-4a34-4749-a8a2-c8d1c955129f, sell
2016-05-27 03:19:20,794 - script.py:29 - client - 3e6285c7-d334-4a14-9925-c3541789d0bf, buy
2016-05-27 03:19:21,270 - script.py:29 - client - d6b4f6b5-2373-49e6-a2f4-4c31fea8716a, sell
2016-05-27 03:19:21,509 - script.py:29 - client - f8f05900-c70b-4160-a143-4d650953fbef, buy
2016-05-27 03:19:21,746 - script.py:29 - client - b796c501-be7e-47f2-a5dc-cf14f8f4509f, buy
2016-05-27 03:19:22,220 - script.py:29 - client - d3e64ae2-d452-4eab-bb3f-72ec9e4d3aca, sell
2016-05-27 03:19:22,455 - script.py:29 - client - 9b898ada-4775-416e-a80b-545b151cad34, buy
2016-05-27 03:19:22,693 - script.py:29 - client - 65bb4567-7cf6-4f47-a72c-46f63db304d9, buy
2016-05-27 03:19:22,930 - script.py:29 - client - 6808525d-c1f7-44e5-a0da-87cdde2df343, sell
2016-05-27 03:19:24,110 - script.py:29 - client - 6bcb9e5b-77e1-4249-ab54-a0d47704b402, buy
2016-05-27 03:19:24,586 - script.py:29 - client - fc766bed-893a-4c8f-ad2b-4fe2dfe7a5a5, sell
2016-05-27 03:19:24,823 - script.py:29 - client - 104d44fd-181b-456d-a4d5-e509cd0d010b, sell
2016-05-27 03:19:25,063 - script.py:29 - client - 3bd8bd96-bb95-4aaa-b25f-d9b0a8b79360, buy
2016-05-27 03:19:25,300 - script.py:29 - client - c9791037-86cc-4c68-b58c-31101c7420a9, sell
2016-05-27 03:19:25,776 - script.py:29 - client - f8804196-2c04-40fc-bae8-b6e5ce18096f, buy
2016-05-27 03:19:26,485 - script.py:29 - client - fbb23c09-4551-48ef-81a7-a7e68e8c0d68, buy
2016-05-27 03:19:27,426 - script.py:29 - client - ef7763d1-191f-4945-bdbf-5a4a4aae5440, sell
2016-05-27 03:19:27,897 - script.py:29 - client - 235be776-825a-4168-9a83-303bcd057425, buy
2016-05-27 03:19:28,131 - script.py:29 - client - 1b9ac9fb-730f-42c6-bfec-d292c13e1249, sell
2016-05-27 03:19:28,604 - script.py:29 - client - 2826cb8b-2874-41bc-a17d-fad0fd46eb47, sell
2016-05-27 03:19:28,842 - script.py:29 - client - 13ac48c9-3085-4250-a43a-ccfa2c70b4c3, buy
2016-05-27 03:19:29,082 - script.py:29 - client - 9351fe64-6564-4bc2-8d58-28c8b38c4241, buy
2016-05-27 03:19:29,808 - script.py:29 - client - b8eb491a-bd7e-40b8-87ab-60e8c73f30df, buy
2016-05-27 03:19:30,045 - script.py:29 - client - 13090cfa-45a1-4aa4-86e6-7637f86e6df6, sell
2016-05-27 03:19:30,286 - script.py:29 - client - 80633f44-2594-4c29-97eb-7b35ffdccb9a, buy
2016-05-27 03:19:31,711 - script.py:29 - client - d7f4348e-ff07-4e62-adb8-a9488def878d, sell
2016-05-27 03:19:32,179 - script.py:29 - client - cc619cb1-2b93-4c32-a3b9-cadf49671f08, buy
2016-05-27 03:19:32,653 - script.py:29 - client - 564a4e96-4689-47f5-802f-fa4000afc048, buy
2016-05-27 03:19:32,889 - script.py:29 - client - 20255ec9-f15e-4024-a0ae-255f1353a764, buy
2016-05-27 03:19:33,124 - script.py:29 - client - fa7c640d-9434-4caf-8dbf-eade25f42d89, sell
2016-05-27 03:19:33,601 - script.py:29 - client - 818acfe8-de1e-4245-ac74-a6c99199035a, buy
2016-05-27 03:19:34,076 - script.py:29 - client - fbe1a855-8b69-429b-b633-1b06ea3ac34b, buy
2016-05-27 03:19:34,313 - script.py:29 - client - 6d878a0f-aaa1-4a89-9a2e-1ff1e3175302, buy
2016-05-27 03:19:34,553 - script.py:29 - client - 8d3522fe-0503-4aaa-80ae-2154ae977b2e, sell
2016-05-27 03:19:34,798 - script.py:29 - client - f7f04379-6e8f-47d4-a4b8-fd806edbcd24, sell
2016-05-27 03:19:35,038 - script.py:29 - client - 0230d1b3-5346-42b4-9d97-28175e942b66, sell
2016-05-27 03:19:35,276 - script.py:29 - client - 3cdfeb27-3002-468a-a977-3548acd0c1ed, sell
2016-05-27 03:19:35,514 - script.py:29 - client - f70f5319-c5ff-4c37-910b-524565502619, buy
2016-05-27 03:19:35,751 - script.py:29 - client - 85babdd1-d823-402a-a9e2-57340e4b6d7e, buy
2016-05-27 03:19:35,989 - script.py:29 - client - a4306f29-75b9-419e-93c3-a86ad133fc9e, sell
2016-05-27 03:19:36,223 - script.py:29 - client - 91156d80-8960-41c0-ad0a-33c0679aeac1, buy
2016-05-27 03:19:36,461 - script.py:29 - client - 22d36762-ebe3-42e8-893a-7cc187bf7256, buy
2016-05-27 03:19:36,697 - script.py:29 - client - cb4587c3-f64b-4b7d-89b9-f09a769c9c09, sell
2016-05-27 03:19:36,934 - script.py:29 - client - ceb794c0-84c8-44d9-8578-b7e59c0a7c6c, sell
2016-05-27 03:19:37,177 - script.py:29 - client - 165231eb-5e4e-462f-b90c-bfcdbe0ee58b, sell
2016-05-27 03:19:37,892 - script.py:29 - client - 0f802366-b565-4540-88d7-1df1a4fecf69, sell
2016-05-27 03:19:39,086 - script.py:29 - client - d3a9b83c-447b-45a7-b391-6541cbc26e61, sell
2016-05-27 03:19:39,322 - script.py:29 - client - 53877a4f-8c7c-490b-a613-571583ce8b56, sell
2016-05-27 03:19:39,561 - script.py:29 - client - a1a3558d-fcfc-4163-a24b-48e604feab3c, sell
2016-05-27 03:19:39,801 - script.py:29 - client - f4a881ec-ee61-4d31-a97f-2135900a5b18, buy
2016-05-27 03:19:40,506 - script.py:29 - client - 29bf9473-e75f-478f-8f75-eaee2375e3b2, sell
2016-05-27 03:19:40,979 - script.py:29 - client - 5f7cf39b-3aab-46b1-b65f-b6bea29a1a77, sell
2016-05-27 03:19:41,219 - script.py:29 - client - ca9d8752-169c-4f95-818b-418a7d5a850d, sell
2016-05-27 03:19:41,692 - script.py:29 - client - 9f78544f-1b30-43f5-9a09-c5d4f5f9a669, sell
2016-05-27 03:19:42,172 - script.py:29 - client - 5129508c-2dec-477a-8454-886698ff3cab, buy
2016-05-27 03:19:42,647 - script.py:29 - client - 625f91e7-4304-4339-9f05-d3705a046723, sell
2016-05-27 03:19:43,358 - script.py:29 - client - 21d86e26-6ec7-4139-9b4f-9b65508c0138, buy
2016-05-27 03:19:43,594 - script.py:29 - client - c6ba8216-7497-408b-9035-e8b5ee996933, buy
2016-05-27 03:19:43,831 - script.py:29 - client - 6fb6237f-2066-4aaf-ae55-b9d0fec27bba, sell
2016-05-27 03:19:44,068 - script.py:29 - client - 3711011f-1759-4281-9c7e-1354fc13ee8b, sell
2016-05-27 03:19:44,306 - script.py:29 - client - c1d90150-fa60-4590-b5c9-320f35c6f178, buy
2016-05-27 03:19:44,781 - script.py:29 - client - bacbe5a5-0e2c-4ec3-ad76-a0ec7314e3df, buy
2016-05-27 03:19:45,257 - script.py:29 - client - 61004d6a-9abb-457d-bca1-4c19cc2ab9c0, buy
2016-05-27 03:19:46,205 - script.py:29 - client - c1d29c0c-3cca-4069-9cd6-349f3ec84f08, buy
2016-05-27 03:19:46,443 - script.py:29 - client - a0995d28-c7f2-42b1-a973-69919030c6e3, sell
2016-05-27 03:19:46,916 - script.py:29 - client - 1d135a50-c991-498a-bfd9-6211dbda49c0, buy
2016-05-27 03:19:47,155 - script.py:29 - client - a56d323d-aeb8-4781-92d5-58774302434c, buy
2016-05-27 03:19:47,632 - script.py:29 - client - 589aacc8-082d-442e-bdbd-ab9898b2ebc1, sell
2016-05-27 03:19:48,341 - script.py:29 - client - 8c1518bc-8889-414f-ab5b-f00dcb5784a5, buy
2016-05-27 03:19:48,812 - script.py:29 - client - 79e65859-2012-4370-8f28-a4f403100737, buy
2016-05-27 03:19:49,283 - script.py:29 - client - 0d55a012-cfeb-4d6c-b592-c1cbc7580804, sell
2016-05-27 03:19:50,225 - script.py:29 - client - fbdbf359-e4a3-490f-9a0d-fcf4a79623c3, sell
2016-05-27 03:19:50,699 - script.py:29 - client - 1fca27a9-0523-497a-9236-3c383e5d1d0d, buy
2016-05-27 03:19:51,641 - script.py:29 - client - 2655fe02-b73c-487e-86dc-316ebc374b5a, sell
2016-05-27 03:19:51,879 - script.py:29 - client - 27d60110-41ea-48d2-aa3e-e6fbf38c69ca, sell
2016-05-27 03:19:52,113 - script.py:29 - client - 15ddc09d-7520-4aa0-8b8f-81549e76df86, buy
2016-05-27 03:19:53,053 - script.py:29 - client - 8ef6ecd6-e50a-41c7-811c-fbc03f39c34c, sell
2016-05-27 03:19:53,291 - script.py:29 - client - 81cb3d23-f897-4a43-91ea-39f8f800600e, sell
2016-05-27 03:19:53,526 - script.py:29 - client - f1d31341-a0ff-4cc0-98eb-0b2b5437df17, sell
2016-05-27 03:19:54,466 - script.py:29 - client - e859b5ac-a2b1-42fe-bf53-2862f5d2d599, buy
2016-05-27 03:19:54,702 - script.py:29 - client - c164b420-b046-48e1-9e03-4ecf7471101d, sell
2016-05-27 03:19:55,175 - script.py:29 - client - fefb283c-1635-43ef-9230-fd6f2e1b576b, buy
2016-05-27 03:19:55,884 - script.py:29 - client - 040fe510-30a7-4a52-b652-dc3abcb9e879, sell
2016-05-27 03:19:56,361 - script.py:29 - client - 23e63a74-a403-43a7-91b0-55bc4615bf96, sell
2016-05-27 03:19:56,598 - script.py:29 - client - 73286606-7b49-4647-9f75-b16cb68d4927, buy
2016-05-27 03:19:56,832 - script.py:29 - client - 0888fa30-94c9-404d-886d-592acb0adefe, buy
2016-05-27 03:19:57,066 - script.py:29 - client - 2d8e6100-7a92-4d7e-9bb9-c905f050366d, sell
2016-05-27 03:19:57,542 - script.py:29 - client - 503db0ec-16fe-41bc-ae97-319ec41579f5, buy
2016-05-27 03:19:57,780 - script.py:29 - client - fdd1e6b3-a041-48fa-978c-352e4f5322de, buy
2016-05-27 03:19:58,494 - script.py:29 - client - c7ceb150-a2da-42c5-b730-1cbd33be8a93, sell
2016-05-27 03:19:58,965 - script.py:29 - client - 608bbff8-6ca4-4673-8690-ad17cc828f9e, sell
2016-05-27 03:19:59,440 - script.py:29 - client - e2492627-cfc9-4fb9-a129-3aa0c1baae4e, buy
2016-05-27 03:19:59,677 - script.py:29 - client - cea7066a-f536-45d9-bd5a-cf08d3661d05, sell
2016-05-27 03:19:59,913 - script.py:29 - client - bf246e93-9b0c-42ff-8ca3-19ea7ba2eed4, buy
2016-05-27 03:20:00,151 - script.py:29 - client - 3c25523a-8ac6-44f5-b755-3367f88514c2, sell
2016-05-27 03:20:00,624 - script.py:29 - client - 83888531-20e8-45e1-b814-b39f0aed2bd3, sell
2016-05-27 03:20:01,337 - script.py:29 - client - 1cceeaba-ee8d-4fa8-9087-f6b0d8f2c806, buy
2016-05-27 03:20:01,571 - script.py:29 - client - ee37c8c2-aab2-4fb6-9a76-2c97520e1a94, buy
2016-05-27 03:20:02,048 - script.py:29 - client - 62d7200a-fd6d-40be-abb8-17733fd11d1c, sell
2016-05-27 03:20:02,519 - script.py:29 - client - bac59554-a0e5-4847-867d-6cd69dfcd83b, buy
2016-05-27 03:20:02,995 - script.py:29 - client - 3f2950e4-e31d-435d-843a-80ce810be30b, sell
2016-05-27 03:20:03,231 - script.py:29 - client - 464ac56e-7ee9-405f-ab0d-d207f2a060a8, sell
2016-05-27 03:20:03,939 - script.py:29 - client - a9876ca7-1ce8-43e2-b7bd-8024f9f0dbef, buy
2016-05-27 03:20:04,409 - script.py:29 - client - bcf69f58-2e09-450b-a668-66ea60006e43, buy
2016-05-27 03:20:04,644 - script.py:29 - client - 2bc7cd87-abf9-405b-88ec-0c49cf4b91ad, buy
2016-05-27 03:20:04,882 - script.py:29 - client - 1606fd92-2371-4898-952c-61f53a3c1257, sell
2016-05-27 03:20:05,121 - script.py:29 - client - 7f63a621-b2eb-4980-9e8c-14ac07ebaee0, buy
2016-05-27 03:20:05,835 - script.py:29 - client - 997e0cbd-c294-4515-8548-a6395beed2c0, sell
2016-05-27 03:20:06,547 - script.py:29 - client - 744a2661-2853-4e85-ac64-5fe46826691c, sell
2016-05-27 03:20:06,781 - script.py:29 - client - 7f4f350b-f2b5-4a50-a1eb-14ec04016bc1, buy
2016-05-27 03:20:07,258 - script.py:29 - client - 3fae66a0-bdb6-4a28-84a3-8478feca2cf6, buy
2016-05-27 03:20:07,495 - script.py:29 - client - a19a7cba-6a5c-4570-bb39-aced974e9b77, sell
2016-05-27 03:20:07,966 - script.py:29 - client - cc4b416b-b877-40da-bd90-9c32289bb538, sell
2016-05-27 03:20:08,205 - script.py:29 - client - 3369a90b-3061-4cf3-8bff-6d81c2cbc991, buy
2016-05-27 03:20:08,676 - script.py:29 - client - ebfac563-d2f3-4256-af2b-b56272289f9a, sell
2016-05-27 03:20:09,144 - script.py:29 - client - b0c6fe08-51b6-4f27-b111-c8ce99ffe29d, sell
2016-05-27 03:20:09,381 - script.py:29 - client - c1a5e0e7-9ec7-431c-bb62-eaf4bad3f9d8, sell
2016-05-27 03:20:10,090 - script.py:29 - client - 6cf1e1fa-43d3-4efe-acbc-968d75103e62, sell
2016-05-27 03:20:10,800 - script.py:29 - client - 505f0ad2-8ce2-4329-aad5-efab45b948ed, buy
2016-05-27 03:20:11,038 - script.py:29 - client - 0297125e-f263-4eb6-a8a5-945b57990b21, sell
2016-05-27 03:20:11,272 - script.py:29 - client - 164ba2c4-7bc7-4202-ab2d-bbfea5db2bda, buy
2016-05-27 03:20:11,747 - script.py:29 - client - d308bde2-91dc-46f1-be09-f9d6cb0ba2de, buy
2016-05-27 03:20:11,987 - script.py:29 - client - d1eb16dd-d7a6-424f-a23d-27c5ed9b8eaa, buy
2016-05-27 03:20:13,177 - script.py:29 - client - aaed4f7a-7733-4621-9da9-911cec8bbfd5, sell
2016-05-27 03:20:13,888 - script.py:29 - client - 2bfe474e-4dbb-45df-8e74-41826131389e, buy
2016-05-27 03:20:14,126 - script.py:29 - client - 7160292d-d526-4f76-8cbe-828943b36799, buy
2016-05-27 03:20:14,366 - script.py:29 - client - 01073969-8e6a-477d-94dd-36bcccc31deb, sell
2016-05-27 03:20:14,608 - script.py:29 - client - 9bc8dc3c-9953-4689-82bf-d62f57d8bfd7, buy
2016-05-27 03:20:14,845 - script.py:29 - client - 5823e54c-f0f7-4fb2-b15d-2212c6528cc1, sell
2016-05-27 03:20:15,320 - script.py:29 - client - 5302d485-ea0a-49a7-8962-610af797fba2, sell
2016-05-27 03:20:15,558 - script.py:29 - client - 778b0b8a-66a3-415f-92ba-f9aa210a4d9f, sell
2016-05-27 03:20:16,029 - script.py:29 - client - be6d01d0-7ab9-4c89-b787-0321e34bc8e0, buy
2016-05-27 03:20:16,267 - script.py:29 - client - c5515339-83a6-4187-a79a-276c76bc1df6, buy
2016-05-27 03:20:16,507 - script.py:29 - client - 67f82003-40d4-47ee-9c33-fe4c4c505cf0, sell
2016-05-27 03:20:16,743 - script.py:29 - client - 75a6004f-71ea-4fb1-9b1f-743a7ec5a65a, buy
2016-05-27 03:20:17,458 - script.py:29 - client - 1e3ae29e-a62a-42f3-9058-4377e4118524, sell
2016-05-27 03:20:17,695 - script.py:29 - client - b300dd94-cca0-459c-9f65-6fc07b6e0573, buy
2016-05-27 03:20:18,169 - script.py:29 - client - 9ad50d30-b073-4a21-941a-8a7d693a7dd0, sell
2016-05-27 03:20:18,408 - script.py:29 - client - fe6218b8-6483-48bb-92b6-f70fc69e8fe1, buy
2016-05-27 03:20:18,647 - script.py:29 - client - fcd35281-65b9-4296-8e39-3a92c21917c0, buy
2016-05-27 03:20:18,884 - script.py:29 - client - f900bee9-a948-41d3-9e30-662da45dab81, buy
2016-05-27 03:20:19,121 - script.py:29 - client - 73f8b345-310c-4187-94af-d9d37f1964e4, sell
2016-05-27 03:20:19,359 - script.py:29 - client - 34461ccd-bc8f-4cc2-925c-bfa667096707, sell
2016-05-27 03:20:20,315 - script.py:29 - client - f798350c-da53-4b10-b2ed-a9143d00c9d1, sell
2016-05-27 03:20:21,501 - script.py:29 - client - 3f97fd1f-5431-4887-ba30-08cee488d3a6, sell
2016-05-27 03:20:22,451 - script.py:29 - client - 73e33228-7000-43d9-8a70-6e412f97c3ff, buy
2016-05-27 03:20:22,928 - script.py:29 - client - f12267c2-2473-4c71-8b3c-40b7b8171bff, sell
2016-05-27 03:20:23,399 - script.py:29 - client - 33e9808f-5d3e-4d93-ab27-73eb1ac33c13, sell
2016-05-27 03:20:23,638 - script.py:29 - client - d557a293-dc5c-431b-83a6-97d1dac97118, sell
2016-05-27 03:20:23,878 - script.py:29 - client - 868bec0c-bcd6-4e4e-a8ac-800642b57ccf, sell
2016-05-27 03:20:24,115 - script.py:29 - client - d4af5b0f-67fa-4720-9208-e870da9f93a3, sell
2016-05-27 03:20:24,823 - script.py:29 - client - 746bb7b7-5524-472a-b05d-8b80cc036a8e, buy
2016-05-27 03:20:25,060 - script.py:29 - client - 22ef6c6d-a443-4114-9e5e-212644c1a349, sell
2016-05-27 03:20:25,296 - script.py:29 - client - a5d289be-0823-44db-942d-6daebc443219, sell
2016-05-27 03:20:26,479 - script.py:29 - client - 4e231e2f-cde8-4f10-9269-f4a955a80b6e, buy
2016-05-27 03:20:26,717 - script.py:29 - client - 2590e957-9b9f-4c92-bffa-340e75fb9c98, sell
2016-05-27 03:20:26,957 - script.py:29 - client - 3afd7e87-9a22-4b2b-98c2-943752f4e8fd, buy
2016-05-27 03:20:27,667 - script.py:29 - client - c9665a56-c6c1-4d98-a4ed-b6d07e836cb3, sell
2016-05-27 03:20:27,905 - script.py:29 - client - 57b011b2-3d39-4dc2-9ae4-19477d4ee7da, sell
2016-05-27 03:20:28,144 - script.py:29 - client - 487675ef-1984-4396-a9d5-8590a52c7e41, sell
2016-05-27 03:20:28,862 - script.py:29 - client - eb3689e8-ce99-4dd9-b813-b45ef3a60601, sell
2016-05-27 03:20:29,572 - script.py:29 - client - 2fa1433f-0ed8-4d19-92f6-1d83735be58a, sell
2016-05-27 03:20:29,808 - script.py:29 - client - 42a169eb-5141-4661-a9fa-13e2395edfaf, sell
2016-05-27 03:20:30,045 - script.py:29 - client - b052659e-9b0a-4db6-be7b-f576ec0f53a0, buy
2016-05-27 03:20:30,280 - script.py:29 - client - 4e04ee31-5980-4bd2-b625-e572f4613abb, sell
2016-05-27 03:20:31,233 - script.py:29 - client - db66e0d2-1c16-46ac-a47a-48531309860d, buy
2016-05-27 03:20:31,705 - script.py:29 - client - 82cccce2-cf33-4e67-abc4-35c9581522ac, sell
2016-05-27 03:20:31,943 - script.py:29 - client - 7c3447e5-7195-4d95-b464-a677225efdf9, buy
2016-05-27 03:20:33,372 - script.py:29 - client - 093d0b03-bde7-4b0a-9fda-e46b8ee85128, sell
2016-05-27 03:20:33,844 - script.py:29 - client - fd395e1c-c018-484f-af6f-91455b5ce103, sell
2016-05-27 03:20:34,314 - script.py:29 - client - c5d9f6f8-fd02-4019-b16d-e384ea05838c, sell
2016-05-27 03:20:35,025 - script.py:29 - client - f392da41-598c-432e-b9b0-594bcf0e93ae, sell
2016-05-27 03:20:36,212 - script.py:29 - client - 72139e1a-e6ac-4854-9f82-c4f0478e0d93, sell
2016-05-27 03:20:36,450 - script.py:29 - client - 600d3f48-75d0-419a-aaa5-c9cbb3c1e91c, sell
2016-05-27 03:20:36,688 - script.py:29 - client - 784b54b2-a9df-4781-90ea-f2cbee201a7e, sell
2016-05-27 03:20:36,926 - script.py:29 - client - 9fc70605-bffc-4550-b23a-28cf998b9dbd, sell
2016-05-27 03:20:38,121 - script.py:29 - client - d17b518e-955e-477d-9f10-16d7134dd325, buy
2016-05-27 03:20:38,360 - script.py:29 - client - d86967a8-c15a-40e3-b4d2-c7c305c7f72b, buy
2016-05-27 03:20:39,069 - script.py:29 - client - 194a36b0-d2df-4b79-967b-16e4f7b4eebd, sell
2016-05-27 03:20:40,248 - script.py:29 - client - 5fb155e7-5bba-4920-babf-f80265ff9cde, buy
2016-05-27 03:20:40,720 - script.py:29 - client - 6f398d94-1241-4a38-a78a-ae6b37567f4d, sell
2016-05-27 03:20:42,137 - script.py:29 - client - a04f5b4c-6c75-4cab-8236-250ac352bcba, sell
2016-05-27 03:20:42,371 - script.py:29 - client - eb5eb5b7-401a-4dba-b79a-c7316a2085be, buy
2016-05-27 03:20:43,562 - script.py:29 - client - 79090f7f-727d-4332-8943-e822ae6aacc9, buy
2016-05-27 03:20:44,038 - script.py:29 - client - 2240b25f-218e-4e27-91e4-3310ae19e24d, buy
2016-05-27 03:20:44,272 - script.py:29 - client - 7530e29a-9d4f-4612-a03d-24de4c37ffa0, sell
2016-05-27 03:20:45,224 - script.py:29 - client - 121fb4a8-b97b-483a-bc3f-966784fee233, buy
2016-05-27 03:20:45,462 - script.py:29 - client - f551ae12-3faf-4e1e-ac32-3b2b9497e524, buy
2016-05-27 03:20:45,931 - script.py:29 - client - f54cf18d-9feb-454c-8109-47db94e8e725, sell
2016-05-27 03:20:46,174 - script.py:29 - client - b219988d-7edb-477b-891b-1a5547289cce, buy
2016-05-27 03:20:47,123 - script.py:29 - client - ca1ac889-4d35-44d0-af0b-f376babea5e1, buy
2016-05-27 03:20:47,596 - script.py:29 - client - c4a4e3f2-8523-444b-9018-b7debc3ce436, sell
2016-05-27 03:20:48,306 - script.py:29 - client - d2be6db4-5792-4fd8-8fca-96658a4e557d, sell
2016-05-27 03:20:48,779 - script.py:29 - client - 5cd61f31-64f2-4c6a-97d9-d5f6077b8d03, sell
2016-05-27 03:20:49,016 - script.py:29 - client - a09c8d28-d994-49b2-b307-fbb436d1d8b3, buy
2016-05-27 03:20:49,256 - script.py:29 - client - 314c8a7c-054b-4b5f-9856-7f016c79a5ea, buy
2016-05-27 03:20:50,436 - script.py:29 - client - f7b13aae-0c56-4a29-9dfa-bee40e5bb9fd, buy
2016-05-27 03:20:50,672 - script.py:29 - client - 3229404c-25cd-4e76-a2cd-9bbd57f1fa43, sell
2016-05-27 03:20:51,378 - script.py:29 - client - c310e72d-28b6-48c6-b104-e78fbe855998, buy
2016-05-27 03:20:52,320 - script.py:29 - client - a6d08946-20ad-4bf1-970e-cd051c101613, sell
2016-05-27 03:20:52,557 - script.py:29 - client - 9cb7661a-a342-4d9b-a7c9-9189c7483c51, sell
2016-05-27 03:20:53,027 - script.py:29 - client - 0f47d3f1-ef61-4d28-83a8-9bccfd7c165a, buy
2016-05-27 03:20:53,506 - script.py:29 - client - f2544ed1-4990-47e9-9a22-1c72f661e00b, sell
2016-05-27 03:20:54,931 - script.py:29 - client - 4aa7a499-622c-412d-b1d8-a2275f136b47, buy
2016-05-27 03:20:57,093 - script.py:29 - client - 3e52c455-1455-4b9b-861b-8651c4c85a26, sell
2016-05-27 03:20:57,562 - script.py:29 - client - 3d02c18c-5019-4543-8707-a9aa7c9b55fe, buy
2016-05-27 03:20:57,800 - script.py:29 - client - d9b1fb38-4c6c-4f4b-b011-296f8ef8eb4c, buy
2016-05-27 03:20:58,037 - script.py:29 - client - f9b3f73c-0632-4178-8412-01e4e7a05b61, sell
2016-05-27 03:20:59,208 - script.py:29 - client - 253caf5d-ae72-455b-a906-7ba95a245e12, sell
2016-05-27 03:20:59,680 - script.py:29 - client - 1d6a371a-7eb3-4e9e-a3ab-5b550365b395, buy
2016-05-27 03:21:00,159 - script.py:29 - client - 9a802317-3d13-429f-b435-45512dad74bb, buy
2016-05-27 03:21:00,636 - script.py:29 - client - 1855bb2e-21db-499c-87ca-f1b28fd7a777, buy
2016-05-27 03:21:01,116 - script.py:29 - client - 5d8c5e4a-4fe9-4bc2-904f-327fa1b49be3, sell
2016-05-27 03:21:01,354 - script.py:29 - client - 52f05e68-d1ab-4fa6-b83e-0f838c988975, sell
2016-05-27 03:21:04,438 - script.py:29 - client - 0d6e4d7b-479c-4a8f-8639-5b44305f9ae5, sell
2016-05-27 03:21:04,913 - script.py:29 - client - 9099e388-38de-494d-97ec-efac9a9b7617, buy
2016-05-27 03:21:05,149 - script.py:29 - client - 5eeaf89c-9923-4014-98a3-a08d5c5cd324, buy
2016-05-27 03:21:05,865 - script.py:29 - client - 9ad2271e-644f-476d-9de7-07002dba36bc, sell
2016-05-27 03:21:06,102 - script.py:29 - client - 19a0c739-a2c8-453c-870b-2ac0a1707efc, sell
2016-05-27 03:21:06,579 - script.py:29 - client - fbf8056b-8f17-4280-89b1-2b0ba4ffa4e9, sell
2016-05-27 03:21:07,054 - script.py:29 - client - f934980d-734d-4701-b1d9-6b1097bce508, sell
2016-05-27 03:21:07,528 - script.py:29 - client - 6adbeae7-efc5-4850-8a6c-708239d6f3af, buy
2016-05-27 03:21:08,004 - script.py:29 - client - c16063c2-d251-41b3-b204-613a235540e5, buy
2016-05-27 03:21:08,240 - script.py:29 - client - 26a228bd-821f-40d7-93fa-a4b4c86b6bc1, sell
2016-05-27 03:21:08,475 - script.py:29 - client - 9ef237fd-5457-4d0a-bf1b-d4913e1ddee5, buy
2016-05-27 03:21:09,424 - script.py:29 - client - a926856a-654b-4fcb-a382-15434f5bae99, buy
2016-05-27 03:21:09,659 - script.py:29 - client - 51726fed-5fd7-4cf1-9834-1e38da603fe0, buy
2016-05-27 03:21:09,897 - script.py:29 - client - 8e3344ac-7d41-47f6-ac24-01c5f90f44a8, sell
2016-05-27 03:21:10,612 - script.py:29 - client - b6e39e69-f58a-46a6-ac99-968f9b83b559, sell
2016-05-27 03:21:10,847 - script.py:29 - client - 942f3048-979d-4fab-8bdc-7d6e90e53585, sell
2016-05-27 03:21:11,321 - script.py:29 - client - ffc678d9-fcbd-4940-bbf3-0baa12c9f59b, buy
2016-05-27 03:21:11,799 - script.py:29 - client - 5fe830f2-b349-4656-a533-a31066efd742, buy
2016-05-27 03:21:12,511 - script.py:29 - client - bc8f92a0-b788-4092-aa27-155b183d2708, buy
2016-05-27 03:21:12,746 - script.py:29 - client - 36e94cbc-5e94-4da5-9f9f-97c5ec828840, buy
2016-05-27 03:21:13,222 - script.py:29 - client - a879c59a-4049-4fca-b445-7a86b05228b3, sell
2016-05-27 03:21:13,462 - script.py:29 - client - cac6aa01-0d55-44a6-9a69-249c40de70a1, buy
2016-05-27 03:21:13,700 - script.py:29 - client - 9225b12c-b830-4555-abb2-85028cc9edbb, buy
2016-05-27 03:21:14,173 - script.py:29 - client - 73e4bdda-1124-4721-a7dd-26e1b35d28ab, buy
2016-05-27 03:21:14,650 - script.py:29 - client - 98f201a9-832a-4047-8281-725219a9532f, buy
2016-05-27 03:21:15,122 - script.py:29 - client - 8cc9ebe3-2d6c-4de3-8b6f-1876f1ea70c1, buy
2016-05-27 03:21:15,591 - script.py:29 - client - 1f9a6553-5312-4232-ad8f-a477c754f3a2, buy
2016-05-27 03:21:15,827 - script.py:29 - client - 2711f756-9eda-414b-a055-1b4330829ddc, sell
2016-05-27 03:21:16,069 - script.py:29 - client - 380d4c96-2ca5-4a09-9e4b-9d7e7b11d4ca, buy
2016-05-27 03:21:16,308 - script.py:29 - client - c89e2432-30fc-460d-a22f-9c63bf0d9b42, sell
